The target system is: Linux -  - 
The host system is: Linux - 4.4.0-137-generic - x86_64
Compiling the C compiler identification source file "CMakeCCompilerId.c" succeeded.
Compiler: /opt/hisi-linux/x86-arm/aarch64-himix100-linux/bin/aarch64-himix100-linux-gcc 
Build flags: 
Id flags:  

The output was:
0


Compilation of the C compiler identification source "CMakeCCompilerId.c" produced "a.out"

The C compiler identification is GNU, found in "/home/server/hisi/hi3559a/P07/Hi3559AV100_SDK_V2.0.0.7/mpp/dk_app/ncnn/examples/dlib-19.15/dlib/build/CMakeFiles/3.8.2/CompilerIdC/a.out"

Compiling the CXX compiler identification source file "CMakeCXXCompilerId.cpp" succeeded.
Compiler: /opt/hisi-linux/x86-arm/aarch64-himix100-linux/bin/aarch64-himix100-linux-g++ 
Build flags: 
Id flags:  

The output was:
0


Compilation of the CXX compiler identification source "CMakeCXXCompilerId.cpp" produced "a.out"

The CXX compiler identification is GNU, found in "/home/server/hisi/hi3559a/P07/Hi3559AV100_SDK_V2.0.0.7/mpp/dk_app/ncnn/examples/dlib-19.15/dlib/build/CMakeFiles/3.8.2/CompilerIdCXX/a.out"

Determining if the C compiler works passed with the following output:
Change Dir: /home/server/hisi/hi3559a/P07/Hi3559AV100_SDK_V2.0.0.7/mpp/dk_app/ncnn/examples/dlib-19.15/dlib/build/CMakeFiles/CMakeTmp

Run Build Command:"/usr/bin/make" "cmTC_b3bc6/fast"
/usr/bin/make -f CMakeFiles/cmTC_b3bc6.dir/build.make CMakeFiles/cmTC_b3bc6.dir/build
make[1]: Entering directory '/home/server/hisi/hi3559a/P07/Hi3559AV100_SDK_V2.0.0.7/mpp/dk_app/ncnn/examples/dlib-19.15/dlib/build/CMakeFiles/CMakeTmp'
Building C object CMakeFiles/cmTC_b3bc6.dir/testCCompiler.c.o
/opt/hisi-linux/x86-arm/aarch64-himix100-linux/bin/aarch64-himix100-linux-gcc    -o CMakeFiles/cmTC_b3bc6.dir/testCCompiler.c.o   -c /home/server/hisi/hi3559a/P07/Hi3559AV100_SDK_V2.0.0.7/mpp/dk_app/ncnn/examples/dlib-19.15/dlib/build/CMakeFiles/CMakeTmp/testCCompiler.c
Linking C executable cmTC_b3bc6
/usr/local/bin/cmake -E cmake_link_script CMakeFiles/cmTC_b3bc6.dir/link.txt --verbose=1
/opt/hisi-linux/x86-arm/aarch64-himix100-linux/bin/aarch64-himix100-linux-gcc      -rdynamic CMakeFiles/cmTC_b3bc6.dir/testCCompiler.c.o  -o cmTC_b3bc6 
make[1]: Leaving directory '/home/server/hisi/hi3559a/P07/Hi3559AV100_SDK_V2.0.0.7/mpp/dk_app/ncnn/examples/dlib-19.15/dlib/build/CMakeFiles/CMakeTmp'


Detecting C compiler ABI info compiled with the following output:
Change Dir: /home/server/hisi/hi3559a/P07/Hi3559AV100_SDK_V2.0.0.7/mpp/dk_app/ncnn/examples/dlib-19.15/dlib/build/CMakeFiles/CMakeTmp

Run Build Command:"/usr/bin/make" "cmTC_0eba9/fast"
/usr/bin/make -f CMakeFiles/cmTC_0eba9.dir/build.make CMakeFiles/cmTC_0eba9.dir/build
make[1]: Entering directory '/home/server/hisi/hi3559a/P07/Hi3559AV100_SDK_V2.0.0.7/mpp/dk_app/ncnn/examples/dlib-19.15/dlib/build/CMakeFiles/CMakeTmp'
Building C object CMakeFiles/cmTC_0eba9.dir/CMakeCCompilerABI.c.o
/opt/hisi-linux/x86-arm/aarch64-himix100-linux/bin/aarch64-himix100-linux-gcc    -o CMakeFiles/cmTC_0eba9.dir/CMakeCCompilerABI.c.o   -c /usr/local/share/cmake-3.8/Modules/CMakeCCompilerABI.c
Linking C executable cmTC_0eba9
/usr/local/bin/cmake -E cmake_link_script CMakeFiles/cmTC_0eba9.dir/link.txt --verbose=1
/opt/hisi-linux/x86-arm/aarch64-himix100-linux/bin/aarch64-himix100-linux-gcc     -v -rdynamic CMakeFiles/cmTC_0eba9.dir/CMakeCCompilerABI.c.o  -o cmTC_0eba9 
Using built-in specs.
COLLECT_GCC=/opt/hisi-linux/x86-arm/aarch64-himix100-linux/bin/aarch64-himix100-linux-gcc
COLLECT_LTO_WRAPPER=/opt/hisi-linux/x86-arm/aarch64-himix100-linux/host_bin/../libexec/gcc/aarch64-linux-gnu/6.3.0/lto-wrapper
Target: aarch64-linux-gnu
Configured with: /usr1/code/CODE_CCTD_V1R1C00/code/current/SDK_CPU_UNIFIED/build/script/aarch64-himix100-linux/aarch64_himix100_build_dir/src/gcc-6.3.0/configure --build=x86_64-linux-gnu --host=x86_64-linux-gnu --target=aarch64-linux-gnu --with-arch=armv8-a --prefix=/usr1/code/CODE_CCTD_V1R1C00/code/current/SDK_CPU_UNIFIED/build/script/aarch64-himix100-linux/aarch64_himix100_build_dir/install --with-specs='%{!ftree-coalesce-vars:-fno-tree-coalesce-vars}' --disable-libmudflap --enable-libssp --disable-libstdcxx-pch --disable-multilib --enable-multiarch --with-gnu-as --with-gnu-ld --enable-libgomp --disable-libitm --enable-checking=yes --enable-lto --enable-c99 --enable-long-long --enable-nls --enable-fix-cortex-a53-835769 --enable-fix-cortex-a53-843419 --enable-shared --with-pkgversion='Compiler & Codesign TD V100R001C00B119' --enable-languages=c,c++ --with-headers=/usr1/code/CODE_CCTD_V1R1C00/code/current/SDK_CPU_UNIFIED/build/script/aarch64-himix100-linux/aarch64_himix100_build_dir/install/target/usr/include --with-sysroot=/usr1/code/CODE_CCTD_V1R1C00/code/current/SDK_CPU_UNIFIED/build/script/aarch64-himix100-linux/aarch64_himix100_build_dir/install/target --with-build-sysroot=/usr1/code/CODE_CCTD_V1R1C00/code/current/SDK_CPU_UNIFIED/build/script/aarch64-himix100-linux/aarch64_himix100_build_dir/install/target --with-gmp=/usr1/code/CODE_CCTD_V1R1C00/code/current/SDK_CPU_UNIFIED/build/script/aarch64-himix100-linux/aarch64_himix100_build_dir/obj/host-libs/usr --with-mpfr=/usr1/code/CODE_CCTD_V1R1C00/code/current/SDK_CPU_UNIFIED/build/script/aarch64-himix100-linux/aarch64_himix100_build_dir/obj/host-libs/usr --with-mpc=/usr1/code/CODE_CCTD_V1R1C00/code/current/SDK_CPU_UNIFIED/build/script/aarch64-himix100-linux/aarch64_himix100_build_dir/obj/host-libs/usr --with-cloog=/usr1/code/CODE_CCTD_V1R1C00/code/current/SDK_CPU_UNIFIED/build/script/aarch64-himix100-linux/aarch64_himix100_build_dir/obj/host-libs/usr --with-build-time-tools=/usr1/code/CODE_CCTD_V1R1C00/code/current/SDK_CPU_UNIFIED/build/script/aarch64-himix100-linux/aarch64_himix100_build_dir/install/aarch64-linux-gnu/bin --libdir=/usr1/code/CODE_CCTD_V1R1C00/code/current/SDK_CPU_UNIFIED/build/script/aarch64-himix100-linux/aarch64_himix100_build_dir/install/lib
Thread model: posix
gcc version 6.3.0 (Compiler & Codesign TD V100R001C00B119) 
COMPILER_PATH=/opt/hisi-linux/x86-arm/aarch64-himix100-linux/host_bin/../libexec/gcc/aarch64-linux-gnu/6.3.0/:/opt/hisi-linux/x86-arm/aarch64-himix100-linux/host_bin/../libexec/gcc/aarch64-linux-gnu/:/opt/hisi-linux/x86-arm/aarch64-himix100-linux/host_bin/../libexec/gcc/:/opt/hisi-linux/x86-arm/aarch64-himix100-linux/host_bin/../lib/gcc/aarch64-linux-gnu/6.3.0/../../../../aarch64-linux-gnu/bin/
LIBRARY_PATH=/opt/hisi-linux/x86-arm/aarch64-himix100-linux/host_bin/../lib/gcc/aarch64-linux-gnu/6.3.0/:/opt/hisi-linux/x86-arm/aarch64-himix100-linux/host_bin/../lib/gcc/aarch64-linux-gnu/:/opt/hisi-linux/x86-arm/aarch64-himix100-linux/host_bin/../lib/gcc/:/opt/hisi-linux/x86-arm/aarch64-himix100-linux/host_bin/../lib/gcc/aarch64-linux-gnu/6.3.0/../../../../aarch64-linux-gnu/lib/../lib64/:/opt/hisi-linux/x86-arm/aarch64-himix100-linux/host_bin/../lib/gcc/aarch64-linux-gnu/6.3.0/../../../../aarch64-linux-gnu/lib/:/opt/hisi-linux/x86-arm/aarch64-himix100-linux/host_bin/../target/lib/:/opt/hisi-linux/x86-arm/aarch64-himix100-linux/host_bin/../target/usr/lib/
COLLECT_GCC_OPTIONS='-v' '-rdynamic' '-o' 'cmTC_0eba9' '-march=armv8-a' '-mlittle-endian' '-mabi=lp64' '-fno-tree-coalesce-vars'
 /opt/hisi-linux/x86-arm/aarch64-himix100-linux/host_bin/../libexec/gcc/aarch64-linux-gnu/6.3.0/collect2 -plugin /opt/hisi-linux/x86-arm/aarch64-himix100-linux/host_bin/../libexec/gcc/aarch64-linux-gnu/6.3.0/liblto_plugin.so -plugin-opt=/opt/hisi-linux/x86-arm/aarch64-himix100-linux/host_bin/../libexec/gcc/aarch64-linux-gnu/6.3.0/lto-wrapper -plugin-opt=-fresolution=/tmp/ccXhXwuw.res -plugin-opt=-pass-through=-lgcc -plugin-opt=-pass-through=-lgcc_s -plugin-opt=-pass-through=-lc -plugin-opt=-pass-through=-lgcc -plugin-opt=-pass-through=-lgcc_s --sysroot=/opt/hisi-linux/x86-arm/aarch64-himix100-linux/host_bin/../target --eh-frame-hdr -export-dynamic -dynamic-linker /lib/ld-linux-aarch64.so.1 -X -EL -maarch64linux --fix-cortex-a53-835769 --fix-cortex-a53-843419 -o cmTC_0eba9 /opt/hisi-linux/x86-arm/aarch64-himix100-linux/host_bin/../target/usr/lib/crt1.o /opt/hisi-linux/x86-arm/aarch64-himix100-linux/host_bin/../target/usr/lib/crti.o /opt/hisi-linux/x86-arm/aarch64-himix100-linux/host_bin/../lib/gcc/aarch64-linux-gnu/6.3.0/crtbegin.o -L/opt/hisi-linux/x86-arm/aarch64-himix100-linux/host_bin/../lib/gcc/aarch64-linux-gnu/6.3.0 -L/opt/hisi-linux/x86-arm/aarch64-himix100-linux/host_bin/../lib/gcc/aarch64-linux-gnu -L/opt/hisi-linux/x86-arm/aarch64-himix100-linux/host_bin/../lib/gcc -L/opt/hisi-linux/x86-arm/aarch64-himix100-linux/host_bin/../lib/gcc/aarch64-linux-gnu/6.3.0/../../../../aarch64-linux-gnu/lib/../lib64 -L/opt/hisi-linux/x86-arm/aarch64-himix100-linux/host_bin/../lib/gcc/aarch64-linux-gnu/6.3.0/../../../../aarch64-linux-gnu/lib -L/opt/hisi-linux/x86-arm/aarch64-himix100-linux/host_bin/../target/lib -L/opt/hisi-linux/x86-arm/aarch64-himix100-linux/host_bin/../target/usr/lib CMakeFiles/cmTC_0eba9.dir/CMakeCCompilerABI.c.o -lgcc --as-needed -lgcc_s --no-as-needed -lc -lgcc --as-needed -lgcc_s --no-as-needed /opt/hisi-linux/x86-arm/aarch64-himix100-linux/host_bin/../lib/gcc/aarch64-linux-gnu/6.3.0/crtend.o /opt/hisi-linux/x86-arm/aarch64-himix100-linux/host_bin/../target/usr/lib/crtn.o
COLLECT_GCC_OPTIONS='-v' '-rdynamic' '-o' 'cmTC_0eba9' '-march=armv8-a' '-mlittle-endian' '-mabi=lp64' '-fno-tree-coalesce-vars'
make[1]: Leaving directory '/home/server/hisi/hi3559a/P07/Hi3559AV100_SDK_V2.0.0.7/mpp/dk_app/ncnn/examples/dlib-19.15/dlib/build/CMakeFiles/CMakeTmp'


Parsed C implicit link information from above output:
  link line regex: [^( *|.*[/\])(aarch64-himix100-linux-ld|([^/\]+-)?ld|collect2)[^/\]*( |$)]
  ignore line: [Change Dir: /home/server/hisi/hi3559a/P07/Hi3559AV100_SDK_V2.0.0.7/mpp/dk_app/ncnn/examples/dlib-19.15/dlib/build/CMakeFiles/CMakeTmp]
  ignore line: []
  ignore line: [Run Build Command:"/usr/bin/make" "cmTC_0eba9/fast"]
  ignore line: [/usr/bin/make -f CMakeFiles/cmTC_0eba9.dir/build.make CMakeFiles/cmTC_0eba9.dir/build]
  ignore line: [make[1]: Entering directory '/home/server/hisi/hi3559a/P07/Hi3559AV100_SDK_V2.0.0.7/mpp/dk_app/ncnn/examples/dlib-19.15/dlib/build/CMakeFiles/CMakeTmp']
  ignore line: [Building C object CMakeFiles/cmTC_0eba9.dir/CMakeCCompilerABI.c.o]
  ignore line: [/opt/hisi-linux/x86-arm/aarch64-himix100-linux/bin/aarch64-himix100-linux-gcc    -o CMakeFiles/cmTC_0eba9.dir/CMakeCCompilerABI.c.o   -c /usr/local/share/cmake-3.8/Modules/CMakeCCompilerABI.c]
  ignore line: [Linking C executable cmTC_0eba9]
  ignore line: [/usr/local/bin/cmake -E cmake_link_script CMakeFiles/cmTC_0eba9.dir/link.txt --verbose=1]
  ignore line: [/opt/hisi-linux/x86-arm/aarch64-himix100-linux/bin/aarch64-himix100-linux-gcc     -v -rdynamic CMakeFiles/cmTC_0eba9.dir/CMakeCCompilerABI.c.o  -o cmTC_0eba9 ]
  ignore line: [Using built-in specs.]
  ignore line: [COLLECT_GCC=/opt/hisi-linux/x86-arm/aarch64-himix100-linux/bin/aarch64-himix100-linux-gcc]
  ignore line: [COLLECT_LTO_WRAPPER=/opt/hisi-linux/x86-arm/aarch64-himix100-linux/host_bin/../libexec/gcc/aarch64-linux-gnu/6.3.0/lto-wrapper]
  ignore line: [Target: aarch64-linux-gnu]
  ignore line: [Configured with: /usr1/code/CODE_CCTD_V1R1C00/code/current/SDK_CPU_UNIFIED/build/script/aarch64-himix100-linux/aarch64_himix100_build_dir/src/gcc-6.3.0/configure --build=x86_64-linux-gnu --host=x86_64-linux-gnu --target=aarch64-linux-gnu --with-arch=armv8-a --prefix=/usr1/code/CODE_CCTD_V1R1C00/code/current/SDK_CPU_UNIFIED/build/script/aarch64-himix100-linux/aarch64_himix100_build_dir/install --with-specs='%{!ftree-coalesce-vars:-fno-tree-coalesce-vars}' --disable-libmudflap --enable-libssp --disable-libstdcxx-pch --disable-multilib --enable-multiarch --with-gnu-as --with-gnu-ld --enable-libgomp --disable-libitm --enable-checking=yes --enable-lto --enable-c99 --enable-long-long --enable-nls --enable-fix-cortex-a53-835769 --enable-fix-cortex-a53-843419 --enable-shared --with-pkgversion='Compiler & Codesign TD V100R001C00B119' --enable-languages=c,c++ --with-headers=/usr1/code/CODE_CCTD_V1R1C00/code/current/SDK_CPU_UNIFIED/build/script/aarch64-himix100-linux/aarch64_himix100_build_dir/install/target/usr/include --with-sysroot=/usr1/code/CODE_CCTD_V1R1C00/code/current/SDK_CPU_UNIFIED/build/script/aarch64-himix100-linux/aarch64_himix100_build_dir/install/target --with-build-sysroot=/usr1/code/CODE_CCTD_V1R1C00/code/current/SDK_CPU_UNIFIED/build/script/aarch64-himix100-linux/aarch64_himix100_build_dir/install/target --with-gmp=/usr1/code/CODE_CCTD_V1R1C00/code/current/SDK_CPU_UNIFIED/build/script/aarch64-himix100-linux/aarch64_himix100_build_dir/obj/host-libs/usr --with-mpfr=/usr1/code/CODE_CCTD_V1R1C00/code/current/SDK_CPU_UNIFIED/build/script/aarch64-himix100-linux/aarch64_himix100_build_dir/obj/host-libs/usr --with-mpc=/usr1/code/CODE_CCTD_V1R1C00/code/current/SDK_CPU_UNIFIED/build/script/aarch64-himix100-linux/aarch64_himix100_build_dir/obj/host-libs/usr --with-cloog=/usr1/code/CODE_CCTD_V1R1C00/code/current/SDK_CPU_UNIFIED/build/script/aarch64-himix100-linux/aarch64_himix100_build_dir/obj/host-libs/usr --with-build-time-tools=/usr1/code/CODE_CCTD_V1R1C00/code/current/SDK_CPU_UNIFIED/build/script/aarch64-himix100-linux/aarch64_himix100_build_dir/install/aarch64-linux-gnu/bin --libdir=/usr1/code/CODE_CCTD_V1R1C00/code/current/SDK_CPU_UNIFIED/build/script/aarch64-himix100-linux/aarch64_himix100_build_dir/install/lib]
  ignore line: [Thread model: posix]
  ignore line: [gcc version 6.3.0 (Compiler & Codesign TD V100R001C00B119) ]
  ignore line: [COMPILER_PATH=/opt/hisi-linux/x86-arm/aarch64-himix100-linux/host_bin/../libexec/gcc/aarch64-linux-gnu/6.3.0/:/opt/hisi-linux/x86-arm/aarch64-himix100-linux/host_bin/../libexec/gcc/aarch64-linux-gnu/:/opt/hisi-linux/x86-arm/aarch64-himix100-linux/host_bin/../libexec/gcc/:/opt/hisi-linux/x86-arm/aarch64-himix100-linux/host_bin/../lib/gcc/aarch64-linux-gnu/6.3.0/../../../../aarch64-linux-gnu/bin/]
  ignore line: [LIBRARY_PATH=/opt/hisi-linux/x86-arm/aarch64-himix100-linux/host_bin/../lib/gcc/aarch64-linux-gnu/6.3.0/:/opt/hisi-linux/x86-arm/aarch64-himix100-linux/host_bin/../lib/gcc/aarch64-linux-gnu/:/opt/hisi-linux/x86-arm/aarch64-himix100-linux/host_bin/../lib/gcc/:/opt/hisi-linux/x86-arm/aarch64-himix100-linux/host_bin/../lib/gcc/aarch64-linux-gnu/6.3.0/../../../../aarch64-linux-gnu/lib/../lib64/:/opt/hisi-linux/x86-arm/aarch64-himix100-linux/host_bin/../lib/gcc/aarch64-linux-gnu/6.3.0/../../../../aarch64-linux-gnu/lib/:/opt/hisi-linux/x86-arm/aarch64-himix100-linux/host_bin/../target/lib/:/opt/hisi-linux/x86-arm/aarch64-himix100-linux/host_bin/../target/usr/lib/]
  ignore line: [COLLECT_GCC_OPTIONS='-v' '-rdynamic' '-o' 'cmTC_0eba9' '-march=armv8-a' '-mlittle-endian' '-mabi=lp64' '-fno-tree-coalesce-vars']
  link line: [ /opt/hisi-linux/x86-arm/aarch64-himix100-linux/host_bin/../libexec/gcc/aarch64-linux-gnu/6.3.0/collect2 -plugin /opt/hisi-linux/x86-arm/aarch64-himix100-linux/host_bin/../libexec/gcc/aarch64-linux-gnu/6.3.0/liblto_plugin.so -plugin-opt=/opt/hisi-linux/x86-arm/aarch64-himix100-linux/host_bin/../libexec/gcc/aarch64-linux-gnu/6.3.0/lto-wrapper -plugin-opt=-fresolution=/tmp/ccXhXwuw.res -plugin-opt=-pass-through=-lgcc -plugin-opt=-pass-through=-lgcc_s -plugin-opt=-pass-through=-lc -plugin-opt=-pass-through=-lgcc -plugin-opt=-pass-through=-lgcc_s --sysroot=/opt/hisi-linux/x86-arm/aarch64-himix100-linux/host_bin/../target --eh-frame-hdr -export-dynamic -dynamic-linker /lib/ld-linux-aarch64.so.1 -X -EL -maarch64linux --fix-cortex-a53-835769 --fix-cortex-a53-843419 -o cmTC_0eba9 /opt/hisi-linux/x86-arm/aarch64-himix100-linux/host_bin/../target/usr/lib/crt1.o /opt/hisi-linux/x86-arm/aarch64-himix100-linux/host_bin/../target/usr/lib/crti.o /opt/hisi-linux/x86-arm/aarch64-himix100-linux/host_bin/../lib/gcc/aarch64-linux-gnu/6.3.0/crtbegin.o -L/opt/hisi-linux/x86-arm/aarch64-himix100-linux/host_bin/../lib/gcc/aarch64-linux-gnu/6.3.0 -L/opt/hisi-linux/x86-arm/aarch64-himix100-linux/host_bin/../lib/gcc/aarch64-linux-gnu -L/opt/hisi-linux/x86-arm/aarch64-himix100-linux/host_bin/../lib/gcc -L/opt/hisi-linux/x86-arm/aarch64-himix100-linux/host_bin/../lib/gcc/aarch64-linux-gnu/6.3.0/../../../../aarch64-linux-gnu/lib/../lib64 -L/opt/hisi-linux/x86-arm/aarch64-himix100-linux/host_bin/../lib/gcc/aarch64-linux-gnu/6.3.0/../../../../aarch64-linux-gnu/lib -L/opt/hisi-linux/x86-arm/aarch64-himix100-linux/host_bin/../target/lib -L/opt/hisi-linux/x86-arm/aarch64-himix100-linux/host_bin/../target/usr/lib CMakeFiles/cmTC_0eba9.dir/CMakeCCompilerABI.c.o -lgcc --as-needed -lgcc_s --no-as-needed -lc -lgcc --as-needed -lgcc_s --no-as-needed /opt/hisi-linux/x86-arm/aarch64-himix100-linux/host_bin/../lib/gcc/aarch64-linux-gnu/6.3.0/crtend.o /opt/hisi-linux/x86-arm/aarch64-himix100-linux/host_bin/../target/usr/lib/crtn.o]
    arg [/opt/hisi-linux/x86-arm/aarch64-himix100-linux/host_bin/../libexec/gcc/aarch64-linux-gnu/6.3.0/collect2] ==> ignore
    arg [-plugin] ==> ignore
    arg [/opt/hisi-linux/x86-arm/aarch64-himix100-linux/host_bin/../libexec/gcc/aarch64-linux-gnu/6.3.0/liblto_plugin.so] ==> ignore
    arg [-plugin-opt=/opt/hisi-linux/x86-arm/aarch64-himix100-linux/host_bin/../libexec/gcc/aarch64-linux-gnu/6.3.0/lto-wrapper] ==> ignore
    arg [-plugin-opt=-fresolution=/tmp/ccXhXwuw.res] ==> ignore
    arg [-plugin-opt=-pass-through=-lgcc] ==> ignore
    arg [-plugin-opt=-pass-through=-lgcc_s] ==> ignore
    arg [-plugin-opt=-pass-through=-lc] ==> ignore
    arg [-plugin-opt=-pass-through=-lgcc] ==> ignore
    arg [-plugin-opt=-pass-through=-lgcc_s] ==> ignore
    arg [--sysroot=/opt/hisi-linux/x86-arm/aarch64-himix100-linux/host_bin/../target] ==> ignore
    arg [--eh-frame-hdr] ==> ignore
    arg [-export-dynamic] ==> ignore
    arg [-dynamic-linker] ==> ignore
    arg [/lib/ld-linux-aarch64.so.1] ==> ignore
    arg [-X] ==> ignore
    arg [-EL] ==> ignore
    arg [-maarch64linux] ==> ignore
    arg [--fix-cortex-a53-835769] ==> ignore
    arg [--fix-cortex-a53-843419] ==> ignore
    arg [-o] ==> ignore
    arg [cmTC_0eba9] ==> ignore
    arg [/opt/hisi-linux/x86-arm/aarch64-himix100-linux/host_bin/../target/usr/lib/crt1.o] ==> ignore
    arg [/opt/hisi-linux/x86-arm/aarch64-himix100-linux/host_bin/../target/usr/lib/crti.o] ==> ignore
    arg [/opt/hisi-linux/x86-arm/aarch64-himix100-linux/host_bin/../lib/gcc/aarch64-linux-gnu/6.3.0/crtbegin.o] ==> ignore
    arg [-L/opt/hisi-linux/x86-arm/aarch64-himix100-linux/host_bin/../lib/gcc/aarch64-linux-gnu/6.3.0] ==> dir [/opt/hisi-linux/x86-arm/aarch64-himix100-linux/host_bin/../lib/gcc/aarch64-linux-gnu/6.3.0]
    arg [-L/opt/hisi-linux/x86-arm/aarch64-himix100-linux/host_bin/../lib/gcc/aarch64-linux-gnu] ==> dir [/opt/hisi-linux/x86-arm/aarch64-himix100-linux/host_bin/../lib/gcc/aarch64-linux-gnu]
    arg [-L/opt/hisi-linux/x86-arm/aarch64-himix100-linux/host_bin/../lib/gcc] ==> dir [/opt/hisi-linux/x86-arm/aarch64-himix100-linux/host_bin/../lib/gcc]
    arg [-L/opt/hisi-linux/x86-arm/aarch64-himix100-linux/host_bin/../lib/gcc/aarch64-linux-gnu/6.3.0/../../../../aarch64-linux-gnu/lib/../lib64] ==> dir [/opt/hisi-linux/x86-arm/aarch64-himix100-linux/host_bin/../lib/gcc/aarch64-linux-gnu/6.3.0/../../../../aarch64-linux-gnu/lib/../lib64]
    arg [-L/opt/hisi-linux/x86-arm/aarch64-himix100-linux/host_bin/../lib/gcc/aarch64-linux-gnu/6.3.0/../../../../aarch64-linux-gnu/lib] ==> dir [/opt/hisi-linux/x86-arm/aarch64-himix100-linux/host_bin/../lib/gcc/aarch64-linux-gnu/6.3.0/../../../../aarch64-linux-gnu/lib]
    arg [-L/opt/hisi-linux/x86-arm/aarch64-himix100-linux/host_bin/../target/lib] ==> dir [/opt/hisi-linux/x86-arm/aarch64-himix100-linux/host_bin/../target/lib]
    arg [-L/opt/hisi-linux/x86-arm/aarch64-himix100-linux/host_bin/../target/usr/lib] ==> dir [/opt/hisi-linux/x86-arm/aarch64-himix100-linux/host_bin/../target/usr/lib]
    arg [CMakeFiles/cmTC_0eba9.dir/CMakeCCompilerABI.c.o] ==> ignore
    arg [-lgcc] ==> lib [gcc]
    arg [--as-needed] ==> ignore
    arg [-lgcc_s] ==> lib [gcc_s]
    arg [--no-as-needed] ==> ignore
    arg [-lc] ==> lib [c]
    arg [-lgcc] ==> lib [gcc]
    arg [--as-needed] ==> ignore
    arg [-lgcc_s] ==> lib [gcc_s]
    arg [--no-as-needed] ==> ignore
    arg [/opt/hisi-linux/x86-arm/aarch64-himix100-linux/host_bin/../lib/gcc/aarch64-linux-gnu/6.3.0/crtend.o] ==> ignore
    arg [/opt/hisi-linux/x86-arm/aarch64-himix100-linux/host_bin/../target/usr/lib/crtn.o] ==> ignore
  remove lib [gcc]
  remove lib [gcc_s]
  remove lib [gcc]
  remove lib [gcc_s]
  collapse library dir [/opt/hisi-linux/x86-arm/aarch64-himix100-linux/host_bin/../lib/gcc/aarch64-linux-gnu/6.3.0] ==> [/opt/hisi-linux/x86-arm/aarch64-himix100-linux/lib/gcc/aarch64-linux-gnu/6.3.0]
  collapse library dir [/opt/hisi-linux/x86-arm/aarch64-himix100-linux/host_bin/../lib/gcc/aarch64-linux-gnu] ==> [/opt/hisi-linux/x86-arm/aarch64-himix100-linux/lib/gcc/aarch64-linux-gnu]
  collapse library dir [/opt/hisi-linux/x86-arm/aarch64-himix100-linux/host_bin/../lib/gcc] ==> [/opt/hisi-linux/x86-arm/aarch64-himix100-linux/lib/gcc]
  collapse library dir [/opt/hisi-linux/x86-arm/aarch64-himix100-linux/host_bin/../lib/gcc/aarch64-linux-gnu/6.3.0/../../../../aarch64-linux-gnu/lib/../lib64] ==> [/opt/hisi-linux/x86-arm/aarch64-himix100-linux/aarch64-linux-gnu/lib64]
  collapse library dir [/opt/hisi-linux/x86-arm/aarch64-himix100-linux/host_bin/../lib/gcc/aarch64-linux-gnu/6.3.0/../../../../aarch64-linux-gnu/lib] ==> [/opt/hisi-linux/x86-arm/aarch64-himix100-linux/aarch64-linux-gnu/lib]
  collapse library dir [/opt/hisi-linux/x86-arm/aarch64-himix100-linux/host_bin/../target/lib] ==> [/opt/hisi-linux/x86-arm/aarch64-himix100-linux/target/lib]
  collapse library dir [/opt/hisi-linux/x86-arm/aarch64-himix100-linux/host_bin/../target/usr/lib] ==> [/opt/hisi-linux/x86-arm/aarch64-himix100-linux/target/usr/lib]
  implicit libs: [c]
  implicit dirs: [/opt/hisi-linux/x86-arm/aarch64-himix100-linux/lib/gcc/aarch64-linux-gnu/6.3.0;/opt/hisi-linux/x86-arm/aarch64-himix100-linux/lib/gcc/aarch64-linux-gnu;/opt/hisi-linux/x86-arm/aarch64-himix100-linux/lib/gcc;/opt/hisi-linux/x86-arm/aarch64-himix100-linux/aarch64-linux-gnu/lib64;/opt/hisi-linux/x86-arm/aarch64-himix100-linux/aarch64-linux-gnu/lib;/opt/hisi-linux/x86-arm/aarch64-himix100-linux/target/lib;/opt/hisi-linux/x86-arm/aarch64-himix100-linux/target/usr/lib]
  implicit fwks: []




Detecting C [-std=c11] compiler features compiled with the following output:
Change Dir: /home/server/hisi/hi3559a/P07/Hi3559AV100_SDK_V2.0.0.7/mpp/dk_app/ncnn/examples/dlib-19.15/dlib/build/CMakeFiles/CMakeTmp

Run Build Command:"/usr/bin/make" "cmTC_06932/fast"
/usr/bin/make -f CMakeFiles/cmTC_06932.dir/build.make CMakeFiles/cmTC_06932.dir/build
make[1]: Entering directory '/home/server/hisi/hi3559a/P07/Hi3559AV100_SDK_V2.0.0.7/mpp/dk_app/ncnn/examples/dlib-19.15/dlib/build/CMakeFiles/CMakeTmp'
Building C object CMakeFiles/cmTC_06932.dir/feature_tests.c.o
/opt/hisi-linux/x86-arm/aarch64-himix100-linux/bin/aarch64-himix100-linux-gcc   -std=c11 -o CMakeFiles/cmTC_06932.dir/feature_tests.c.o   -c /home/server/hisi/hi3559a/P07/Hi3559AV100_SDK_V2.0.0.7/mpp/dk_app/ncnn/examples/dlib-19.15/dlib/build/CMakeFiles/feature_tests.c
Linking C executable cmTC_06932
/usr/local/bin/cmake -E cmake_link_script CMakeFiles/cmTC_06932.dir/link.txt --verbose=1
/opt/hisi-linux/x86-arm/aarch64-himix100-linux/bin/aarch64-himix100-linux-gcc      -rdynamic CMakeFiles/cmTC_06932.dir/feature_tests.c.o  -o cmTC_06932 
make[1]: Leaving directory '/home/server/hisi/hi3559a/P07/Hi3559AV100_SDK_V2.0.0.7/mpp/dk_app/ncnn/examples/dlib-19.15/dlib/build/CMakeFiles/CMakeTmp'


    Feature record: C_FEATURE:1c_function_prototypes
    Feature record: C_FEATURE:1c_restrict
    Feature record: C_FEATURE:1c_static_assert
    Feature record: C_FEATURE:1c_variadic_macros


Detecting C [-std=c99] compiler features compiled with the following output:
Change Dir: /home/server/hisi/hi3559a/P07/Hi3559AV100_SDK_V2.0.0.7/mpp/dk_app/ncnn/examples/dlib-19.15/dlib/build/CMakeFiles/CMakeTmp

Run Build Command:"/usr/bin/make" "cmTC_af681/fast"
/usr/bin/make -f CMakeFiles/cmTC_af681.dir/build.make CMakeFiles/cmTC_af681.dir/build
make[1]: Entering directory '/home/server/hisi/hi3559a/P07/Hi3559AV100_SDK_V2.0.0.7/mpp/dk_app/ncnn/examples/dlib-19.15/dlib/build/CMakeFiles/CMakeTmp'
Building C object CMakeFiles/cmTC_af681.dir/feature_tests.c.o
/opt/hisi-linux/x86-arm/aarch64-himix100-linux/bin/aarch64-himix100-linux-gcc   -std=c99 -o CMakeFiles/cmTC_af681.dir/feature_tests.c.o   -c /home/server/hisi/hi3559a/P07/Hi3559AV100_SDK_V2.0.0.7/mpp/dk_app/ncnn/examples/dlib-19.15/dlib/build/CMakeFiles/feature_tests.c
Linking C executable cmTC_af681
/usr/local/bin/cmake -E cmake_link_script CMakeFiles/cmTC_af681.dir/link.txt --verbose=1
/opt/hisi-linux/x86-arm/aarch64-himix100-linux/bin/aarch64-himix100-linux-gcc      -rdynamic CMakeFiles/cmTC_af681.dir/feature_tests.c.o  -o cmTC_af681 
make[1]: Leaving directory '/home/server/hisi/hi3559a/P07/Hi3559AV100_SDK_V2.0.0.7/mpp/dk_app/ncnn/examples/dlib-19.15/dlib/build/CMakeFiles/CMakeTmp'


    Feature record: C_FEATURE:1c_function_prototypes
    Feature record: C_FEATURE:1c_restrict
    Feature record: C_FEATURE:0c_static_assert
    Feature record: C_FEATURE:1c_variadic_macros


Detecting C [-std=c90] compiler features compiled with the following output:
Change Dir: /home/server/hisi/hi3559a/P07/Hi3559AV100_SDK_V2.0.0.7/mpp/dk_app/ncnn/examples/dlib-19.15/dlib/build/CMakeFiles/CMakeTmp

Run Build Command:"/usr/bin/make" "cmTC_3a150/fast"
/usr/bin/make -f CMakeFiles/cmTC_3a150.dir/build.make CMakeFiles/cmTC_3a150.dir/build
make[1]: Entering directory '/home/server/hisi/hi3559a/P07/Hi3559AV100_SDK_V2.0.0.7/mpp/dk_app/ncnn/examples/dlib-19.15/dlib/build/CMakeFiles/CMakeTmp'
Building C object CMakeFiles/cmTC_3a150.dir/feature_tests.c.o
/opt/hisi-linux/x86-arm/aarch64-himix100-linux/bin/aarch64-himix100-linux-gcc   -std=c90 -o CMakeFiles/cmTC_3a150.dir/feature_tests.c.o   -c /home/server/hisi/hi3559a/P07/Hi3559AV100_SDK_V2.0.0.7/mpp/dk_app/ncnn/examples/dlib-19.15/dlib/build/CMakeFiles/feature_tests.c
Linking C executable cmTC_3a150
/usr/local/bin/cmake -E cmake_link_script CMakeFiles/cmTC_3a150.dir/link.txt --verbose=1
/opt/hisi-linux/x86-arm/aarch64-himix100-linux/bin/aarch64-himix100-linux-gcc      -rdynamic CMakeFiles/cmTC_3a150.dir/feature_tests.c.o  -o cmTC_3a150 
make[1]: Leaving directory '/home/server/hisi/hi3559a/P07/Hi3559AV100_SDK_V2.0.0.7/mpp/dk_app/ncnn/examples/dlib-19.15/dlib/build/CMakeFiles/CMakeTmp'


    Feature record: C_FEATURE:1c_function_prototypes
    Feature record: C_FEATURE:0c_restrict
    Feature record: C_FEATURE:0c_static_assert
    Feature record: C_FEATURE:0c_variadic_macros
Determining if the CXX compiler works passed with the following output:
Change Dir: /home/server/hisi/hi3559a/P07/Hi3559AV100_SDK_V2.0.0.7/mpp/dk_app/ncnn/examples/dlib-19.15/dlib/build/CMakeFiles/CMakeTmp

Run Build Command:"/usr/bin/make" "cmTC_6c4af/fast"
/usr/bin/make -f CMakeFiles/cmTC_6c4af.dir/build.make CMakeFiles/cmTC_6c4af.dir/build
make[1]: Entering directory '/home/server/hisi/hi3559a/P07/Hi3559AV100_SDK_V2.0.0.7/mpp/dk_app/ncnn/examples/dlib-19.15/dlib/build/CMakeFiles/CMakeTmp'
Building CXX object CMakeFiles/cmTC_6c4af.dir/testCXXCompiler.cxx.o
/opt/hisi-linux/x86-arm/aarch64-himix100-linux/bin/aarch64-himix100-linux-g++     -o CMakeFiles/cmTC_6c4af.dir/testCXXCompiler.cxx.o -c /home/server/hisi/hi3559a/P07/Hi3559AV100_SDK_V2.0.0.7/mpp/dk_app/ncnn/examples/dlib-19.15/dlib/build/CMakeFiles/CMakeTmp/testCXXCompiler.cxx
Linking CXX executable cmTC_6c4af
/usr/local/bin/cmake -E cmake_link_script CMakeFiles/cmTC_6c4af.dir/link.txt --verbose=1
/opt/hisi-linux/x86-arm/aarch64-himix100-linux/bin/aarch64-himix100-linux-g++       -rdynamic CMakeFiles/cmTC_6c4af.dir/testCXXCompiler.cxx.o  -o cmTC_6c4af 
make[1]: Leaving directory '/home/server/hisi/hi3559a/P07/Hi3559AV100_SDK_V2.0.0.7/mpp/dk_app/ncnn/examples/dlib-19.15/dlib/build/CMakeFiles/CMakeTmp'


Detecting CXX compiler ABI info compiled with the following output:
Change Dir: /home/server/hisi/hi3559a/P07/Hi3559AV100_SDK_V2.0.0.7/mpp/dk_app/ncnn/examples/dlib-19.15/dlib/build/CMakeFiles/CMakeTmp

Run Build Command:"/usr/bin/make" "cmTC_924d1/fast"
/usr/bin/make -f CMakeFiles/cmTC_924d1.dir/build.make CMakeFiles/cmTC_924d1.dir/build
make[1]: Entering directory '/home/server/hisi/hi3559a/P07/Hi3559AV100_SDK_V2.0.0.7/mpp/dk_app/ncnn/examples/dlib-19.15/dlib/build/CMakeFiles/CMakeTmp'
Building CXX object CMakeFiles/cmTC_924d1.dir/CMakeCXXCompilerABI.cpp.o
/opt/hisi-linux/x86-arm/aarch64-himix100-linux/bin/aarch64-himix100-linux-g++     -o CMakeFiles/cmTC_924d1.dir/CMakeCXXCompilerABI.cpp.o -c /usr/local/share/cmake-3.8/Modules/CMakeCXXCompilerABI.cpp
Linking CXX executable cmTC_924d1
/usr/local/bin/cmake -E cmake_link_script CMakeFiles/cmTC_924d1.dir/link.txt --verbose=1
/opt/hisi-linux/x86-arm/aarch64-himix100-linux/bin/aarch64-himix100-linux-g++      -v -rdynamic CMakeFiles/cmTC_924d1.dir/CMakeCXXCompilerABI.cpp.o  -o cmTC_924d1 
Using built-in specs.
COLLECT_GCC=/opt/hisi-linux/x86-arm/aarch64-himix100-linux/bin/aarch64-himix100-linux-g++
COLLECT_LTO_WRAPPER=/opt/hisi-linux/x86-arm/aarch64-himix100-linux/host_bin/../libexec/gcc/aarch64-linux-gnu/6.3.0/lto-wrapper
Target: aarch64-linux-gnu
Configured with: /usr1/code/CODE_CCTD_V1R1C00/code/current/SDK_CPU_UNIFIED/build/script/aarch64-himix100-linux/aarch64_himix100_build_dir/src/gcc-6.3.0/configure --build=x86_64-linux-gnu --host=x86_64-linux-gnu --target=aarch64-linux-gnu --with-arch=armv8-a --prefix=/usr1/code/CODE_CCTD_V1R1C00/code/current/SDK_CPU_UNIFIED/build/script/aarch64-himix100-linux/aarch64_himix100_build_dir/install --with-specs='%{!ftree-coalesce-vars:-fno-tree-coalesce-vars}' --disable-libmudflap --enable-libssp --disable-libstdcxx-pch --disable-multilib --enable-multiarch --with-gnu-as --with-gnu-ld --enable-libgomp --disable-libitm --enable-checking=yes --enable-lto --enable-c99 --enable-long-long --enable-nls --enable-fix-cortex-a53-835769 --enable-fix-cortex-a53-843419 --enable-shared --with-pkgversion='Compiler & Codesign TD V100R001C00B119' --enable-languages=c,c++ --with-headers=/usr1/code/CODE_CCTD_V1R1C00/code/current/SDK_CPU_UNIFIED/build/script/aarch64-himix100-linux/aarch64_himix100_build_dir/install/target/usr/include --with-sysroot=/usr1/code/CODE_CCTD_V1R1C00/code/current/SDK_CPU_UNIFIED/build/script/aarch64-himix100-linux/aarch64_himix100_build_dir/install/target --with-build-sysroot=/usr1/code/CODE_CCTD_V1R1C00/code/current/SDK_CPU_UNIFIED/build/script/aarch64-himix100-linux/aarch64_himix100_build_dir/install/target --with-gmp=/usr1/code/CODE_CCTD_V1R1C00/code/current/SDK_CPU_UNIFIED/build/script/aarch64-himix100-linux/aarch64_himix100_build_dir/obj/host-libs/usr --with-mpfr=/usr1/code/CODE_CCTD_V1R1C00/code/current/SDK_CPU_UNIFIED/build/script/aarch64-himix100-linux/aarch64_himix100_build_dir/obj/host-libs/usr --with-mpc=/usr1/code/CODE_CCTD_V1R1C00/code/current/SDK_CPU_UNIFIED/build/script/aarch64-himix100-linux/aarch64_himix100_build_dir/obj/host-libs/usr --with-cloog=/usr1/code/CODE_CCTD_V1R1C00/code/current/SDK_CPU_UNIFIED/build/script/aarch64-himix100-linux/aarch64_himix100_build_dir/obj/host-libs/usr --with-build-time-tools=/usr1/code/CODE_CCTD_V1R1C00/code/current/SDK_CPU_UNIFIED/build/script/aarch64-himix100-linux/aarch64_himix100_build_dir/install/aarch64-linux-gnu/bin --libdir=/usr1/code/CODE_CCTD_V1R1C00/code/current/SDK_CPU_UNIFIED/build/script/aarch64-himix100-linux/aarch64_himix100_build_dir/install/lib
Thread model: posix
gcc version 6.3.0 (Compiler & Codesign TD V100R001C00B119) 
COMPILER_PATH=/opt/hisi-linux/x86-arm/aarch64-himix100-linux/host_bin/../libexec/gcc/aarch64-linux-gnu/6.3.0/:/opt/hisi-linux/x86-arm/aarch64-himix100-linux/host_bin/../libexec/gcc/aarch64-linux-gnu/:/opt/hisi-linux/x86-arm/aarch64-himix100-linux/host_bin/../libexec/gcc/:/opt/hisi-linux/x86-arm/aarch64-himix100-linux/host_bin/../lib/gcc/aarch64-linux-gnu/6.3.0/../../../../aarch64-linux-gnu/bin/
LIBRARY_PATH=/opt/hisi-linux/x86-arm/aarch64-himix100-linux/host_bin/../lib/gcc/aarch64-linux-gnu/6.3.0/:/opt/hisi-linux/x86-arm/aarch64-himix100-linux/host_bin/../lib/gcc/aarch64-linux-gnu/:/opt/hisi-linux/x86-arm/aarch64-himix100-linux/host_bin/../lib/gcc/:/opt/hisi-linux/x86-arm/aarch64-himix100-linux/host_bin/../lib/gcc/aarch64-linux-gnu/6.3.0/../../../../aarch64-linux-gnu/lib/../lib64/:/opt/hisi-linux/x86-arm/aarch64-himix100-linux/host_bin/../lib/gcc/aarch64-linux-gnu/6.3.0/../../../../aarch64-linux-gnu/lib/:/opt/hisi-linux/x86-arm/aarch64-himix100-linux/host_bin/../target/lib/:/opt/hisi-linux/x86-arm/aarch64-himix100-linux/host_bin/../target/usr/lib/
COLLECT_GCC_OPTIONS='-v' '-rdynamic' '-o' 'cmTC_924d1' '-shared-libgcc' '-march=armv8-a' '-mlittle-endian' '-mabi=lp64' '-fno-tree-coalesce-vars'
 /opt/hisi-linux/x86-arm/aarch64-himix100-linux/host_bin/../libexec/gcc/aarch64-linux-gnu/6.3.0/collect2 -plugin /opt/hisi-linux/x86-arm/aarch64-himix100-linux/host_bin/../libexec/gcc/aarch64-linux-gnu/6.3.0/liblto_plugin.so -plugin-opt=/opt/hisi-linux/x86-arm/aarch64-himix100-linux/host_bin/../libexec/gcc/aarch64-linux-gnu/6.3.0/lto-wrapper -plugin-opt=-fresolution=/tmp/cczeKn6O.res -plugin-opt=-pass-through=-lgcc_s -plugin-opt=-pass-through=-lgcc -plugin-opt=-pass-through=-lc -plugin-opt=-pass-through=-lgcc_s -plugin-opt=-pass-through=-lgcc --sysroot=/opt/hisi-linux/x86-arm/aarch64-himix100-linux/host_bin/../target --eh-frame-hdr -export-dynamic -dynamic-linker /lib/ld-linux-aarch64.so.1 -X -EL -maarch64linux --fix-cortex-a53-835769 --fix-cortex-a53-843419 -o cmTC_924d1 /opt/hisi-linux/x86-arm/aarch64-himix100-linux/host_bin/../target/usr/lib/crt1.o /opt/hisi-linux/x86-arm/aarch64-himix100-linux/host_bin/../target/usr/lib/crti.o /opt/hisi-linux/x86-arm/aarch64-himix100-linux/host_bin/../lib/gcc/aarch64-linux-gnu/6.3.0/crtbegin.o -L/opt/hisi-linux/x86-arm/aarch64-himix100-linux/host_bin/../lib/gcc/aarch64-linux-gnu/6.3.0 -L/opt/hisi-linux/x86-arm/aarch64-himix100-linux/host_bin/../lib/gcc/aarch64-linux-gnu -L/opt/hisi-linux/x86-arm/aarch64-himix100-linux/host_bin/../lib/gcc -L/opt/hisi-linux/x86-arm/aarch64-himix100-linux/host_bin/../lib/gcc/aarch64-linux-gnu/6.3.0/../../../../aarch64-linux-gnu/lib/../lib64 -L/opt/hisi-linux/x86-arm/aarch64-himix100-linux/host_bin/../lib/gcc/aarch64-linux-gnu/6.3.0/../../../../aarch64-linux-gnu/lib -L/opt/hisi-linux/x86-arm/aarch64-himix100-linux/host_bin/../target/lib -L/opt/hisi-linux/x86-arm/aarch64-himix100-linux/host_bin/../target/usr/lib CMakeFiles/cmTC_924d1.dir/CMakeCXXCompilerABI.cpp.o -lstdc++ -lm -lgcc_s -lgcc -lc -lgcc_s -lgcc /opt/hisi-linux/x86-arm/aarch64-himix100-linux/host_bin/../lib/gcc/aarch64-linux-gnu/6.3.0/crtend.o /opt/hisi-linux/x86-arm/aarch64-himix100-linux/host_bin/../target/usr/lib/crtn.o
COLLECT_GCC_OPTIONS='-v' '-rdynamic' '-o' 'cmTC_924d1' '-shared-libgcc' '-march=armv8-a' '-mlittle-endian' '-mabi=lp64' '-fno-tree-coalesce-vars'
make[1]: Leaving directory '/home/server/hisi/hi3559a/P07/Hi3559AV100_SDK_V2.0.0.7/mpp/dk_app/ncnn/examples/dlib-19.15/dlib/build/CMakeFiles/CMakeTmp'


Parsed CXX implicit link information from above output:
  link line regex: [^( *|.*[/\])(aarch64-himix100-linux-ld|([^/\]+-)?ld|collect2)[^/\]*( |$)]
  ignore line: [Change Dir: /home/server/hisi/hi3559a/P07/Hi3559AV100_SDK_V2.0.0.7/mpp/dk_app/ncnn/examples/dlib-19.15/dlib/build/CMakeFiles/CMakeTmp]
  ignore line: []
  ignore line: [Run Build Command:"/usr/bin/make" "cmTC_924d1/fast"]
  ignore line: [/usr/bin/make -f CMakeFiles/cmTC_924d1.dir/build.make CMakeFiles/cmTC_924d1.dir/build]
  ignore line: [make[1]: Entering directory '/home/server/hisi/hi3559a/P07/Hi3559AV100_SDK_V2.0.0.7/mpp/dk_app/ncnn/examples/dlib-19.15/dlib/build/CMakeFiles/CMakeTmp']
  ignore line: [Building CXX object CMakeFiles/cmTC_924d1.dir/CMakeCXXCompilerABI.cpp.o]
  ignore line: [/opt/hisi-linux/x86-arm/aarch64-himix100-linux/bin/aarch64-himix100-linux-g++     -o CMakeFiles/cmTC_924d1.dir/CMakeCXXCompilerABI.cpp.o -c /usr/local/share/cmake-3.8/Modules/CMakeCXXCompilerABI.cpp]
  ignore line: [Linking CXX executable cmTC_924d1]
  ignore line: [/usr/local/bin/cmake -E cmake_link_script CMakeFiles/cmTC_924d1.dir/link.txt --verbose=1]
  ignore line: [/opt/hisi-linux/x86-arm/aarch64-himix100-linux/bin/aarch64-himix100-linux-g++      -v -rdynamic CMakeFiles/cmTC_924d1.dir/CMakeCXXCompilerABI.cpp.o  -o cmTC_924d1 ]
  ignore line: [Using built-in specs.]
  ignore line: [COLLECT_GCC=/opt/hisi-linux/x86-arm/aarch64-himix100-linux/bin/aarch64-himix100-linux-g++]
  ignore line: [COLLECT_LTO_WRAPPER=/opt/hisi-linux/x86-arm/aarch64-himix100-linux/host_bin/../libexec/gcc/aarch64-linux-gnu/6.3.0/lto-wrapper]
  ignore line: [Target: aarch64-linux-gnu]
  ignore line: [Configured with: /usr1/code/CODE_CCTD_V1R1C00/code/current/SDK_CPU_UNIFIED/build/script/aarch64-himix100-linux/aarch64_himix100_build_dir/src/gcc-6.3.0/configure --build=x86_64-linux-gnu --host=x86_64-linux-gnu --target=aarch64-linux-gnu --with-arch=armv8-a --prefix=/usr1/code/CODE_CCTD_V1R1C00/code/current/SDK_CPU_UNIFIED/build/script/aarch64-himix100-linux/aarch64_himix100_build_dir/install --with-specs='%{!ftree-coalesce-vars:-fno-tree-coalesce-vars}' --disable-libmudflap --enable-libssp --disable-libstdcxx-pch --disable-multilib --enable-multiarch --with-gnu-as --with-gnu-ld --enable-libgomp --disable-libitm --enable-checking=yes --enable-lto --enable-c99 --enable-long-long --enable-nls --enable-fix-cortex-a53-835769 --enable-fix-cortex-a53-843419 --enable-shared --with-pkgversion='Compiler & Codesign TD V100R001C00B119' --enable-languages=c,c++ --with-headers=/usr1/code/CODE_CCTD_V1R1C00/code/current/SDK_CPU_UNIFIED/build/script/aarch64-himix100-linux/aarch64_himix100_build_dir/install/target/usr/include --with-sysroot=/usr1/code/CODE_CCTD_V1R1C00/code/current/SDK_CPU_UNIFIED/build/script/aarch64-himix100-linux/aarch64_himix100_build_dir/install/target --with-build-sysroot=/usr1/code/CODE_CCTD_V1R1C00/code/current/SDK_CPU_UNIFIED/build/script/aarch64-himix100-linux/aarch64_himix100_build_dir/install/target --with-gmp=/usr1/code/CODE_CCTD_V1R1C00/code/current/SDK_CPU_UNIFIED/build/script/aarch64-himix100-linux/aarch64_himix100_build_dir/obj/host-libs/usr --with-mpfr=/usr1/code/CODE_CCTD_V1R1C00/code/current/SDK_CPU_UNIFIED/build/script/aarch64-himix100-linux/aarch64_himix100_build_dir/obj/host-libs/usr --with-mpc=/usr1/code/CODE_CCTD_V1R1C00/code/current/SDK_CPU_UNIFIED/build/script/aarch64-himix100-linux/aarch64_himix100_build_dir/obj/host-libs/usr --with-cloog=/usr1/code/CODE_CCTD_V1R1C00/code/current/SDK_CPU_UNIFIED/build/script/aarch64-himix100-linux/aarch64_himix100_build_dir/obj/host-libs/usr --with-build-time-tools=/usr1/code/CODE_CCTD_V1R1C00/code/current/SDK_CPU_UNIFIED/build/script/aarch64-himix100-linux/aarch64_himix100_build_dir/install/aarch64-linux-gnu/bin --libdir=/usr1/code/CODE_CCTD_V1R1C00/code/current/SDK_CPU_UNIFIED/build/script/aarch64-himix100-linux/aarch64_himix100_build_dir/install/lib]
  ignore line: [Thread model: posix]
  ignore line: [gcc version 6.3.0 (Compiler & Codesign TD V100R001C00B119) ]
  ignore line: [COMPILER_PATH=/opt/hisi-linux/x86-arm/aarch64-himix100-linux/host_bin/../libexec/gcc/aarch64-linux-gnu/6.3.0/:/opt/hisi-linux/x86-arm/aarch64-himix100-linux/host_bin/../libexec/gcc/aarch64-linux-gnu/:/opt/hisi-linux/x86-arm/aarch64-himix100-linux/host_bin/../libexec/gcc/:/opt/hisi-linux/x86-arm/aarch64-himix100-linux/host_bin/../lib/gcc/aarch64-linux-gnu/6.3.0/../../../../aarch64-linux-gnu/bin/]
  ignore line: [LIBRARY_PATH=/opt/hisi-linux/x86-arm/aarch64-himix100-linux/host_bin/../lib/gcc/aarch64-linux-gnu/6.3.0/:/opt/hisi-linux/x86-arm/aarch64-himix100-linux/host_bin/../lib/gcc/aarch64-linux-gnu/:/opt/hisi-linux/x86-arm/aarch64-himix100-linux/host_bin/../lib/gcc/:/opt/hisi-linux/x86-arm/aarch64-himix100-linux/host_bin/../lib/gcc/aarch64-linux-gnu/6.3.0/../../../../aarch64-linux-gnu/lib/../lib64/:/opt/hisi-linux/x86-arm/aarch64-himix100-linux/host_bin/../lib/gcc/aarch64-linux-gnu/6.3.0/../../../../aarch64-linux-gnu/lib/:/opt/hisi-linux/x86-arm/aarch64-himix100-linux/host_bin/../target/lib/:/opt/hisi-linux/x86-arm/aarch64-himix100-linux/host_bin/../target/usr/lib/]
  ignore line: [COLLECT_GCC_OPTIONS='-v' '-rdynamic' '-o' 'cmTC_924d1' '-shared-libgcc' '-march=armv8-a' '-mlittle-endian' '-mabi=lp64' '-fno-tree-coalesce-vars']
  link line: [ /opt/hisi-linux/x86-arm/aarch64-himix100-linux/host_bin/../libexec/gcc/aarch64-linux-gnu/6.3.0/collect2 -plugin /opt/hisi-linux/x86-arm/aarch64-himix100-linux/host_bin/../libexec/gcc/aarch64-linux-gnu/6.3.0/liblto_plugin.so -plugin-opt=/opt/hisi-linux/x86-arm/aarch64-himix100-linux/host_bin/../libexec/gcc/aarch64-linux-gnu/6.3.0/lto-wrapper -plugin-opt=-fresolution=/tmp/cczeKn6O.res -plugin-opt=-pass-through=-lgcc_s -plugin-opt=-pass-through=-lgcc -plugin-opt=-pass-through=-lc -plugin-opt=-pass-through=-lgcc_s -plugin-opt=-pass-through=-lgcc --sysroot=/opt/hisi-linux/x86-arm/aarch64-himix100-linux/host_bin/../target --eh-frame-hdr -export-dynamic -dynamic-linker /lib/ld-linux-aarch64.so.1 -X -EL -maarch64linux --fix-cortex-a53-835769 --fix-cortex-a53-843419 -o cmTC_924d1 /opt/hisi-linux/x86-arm/aarch64-himix100-linux/host_bin/../target/usr/lib/crt1.o /opt/hisi-linux/x86-arm/aarch64-himix100-linux/host_bin/../target/usr/lib/crti.o /opt/hisi-linux/x86-arm/aarch64-himix100-linux/host_bin/../lib/gcc/aarch64-linux-gnu/6.3.0/crtbegin.o -L/opt/hisi-linux/x86-arm/aarch64-himix100-linux/host_bin/../lib/gcc/aarch64-linux-gnu/6.3.0 -L/opt/hisi-linux/x86-arm/aarch64-himix100-linux/host_bin/../lib/gcc/aarch64-linux-gnu -L/opt/hisi-linux/x86-arm/aarch64-himix100-linux/host_bin/../lib/gcc -L/opt/hisi-linux/x86-arm/aarch64-himix100-linux/host_bin/../lib/gcc/aarch64-linux-gnu/6.3.0/../../../../aarch64-linux-gnu/lib/../lib64 -L/opt/hisi-linux/x86-arm/aarch64-himix100-linux/host_bin/../lib/gcc/aarch64-linux-gnu/6.3.0/../../../../aarch64-linux-gnu/lib -L/opt/hisi-linux/x86-arm/aarch64-himix100-linux/host_bin/../target/lib -L/opt/hisi-linux/x86-arm/aarch64-himix100-linux/host_bin/../target/usr/lib CMakeFiles/cmTC_924d1.dir/CMakeCXXCompilerABI.cpp.o -lstdc++ -lm -lgcc_s -lgcc -lc -lgcc_s -lgcc /opt/hisi-linux/x86-arm/aarch64-himix100-linux/host_bin/../lib/gcc/aarch64-linux-gnu/6.3.0/crtend.o /opt/hisi-linux/x86-arm/aarch64-himix100-linux/host_bin/../target/usr/lib/crtn.o]
    arg [/opt/hisi-linux/x86-arm/aarch64-himix100-linux/host_bin/../libexec/gcc/aarch64-linux-gnu/6.3.0/collect2] ==> ignore
    arg [-plugin] ==> ignore
    arg [/opt/hisi-linux/x86-arm/aarch64-himix100-linux/host_bin/../libexec/gcc/aarch64-linux-gnu/6.3.0/liblto_plugin.so] ==> ignore
    arg [-plugin-opt=/opt/hisi-linux/x86-arm/aarch64-himix100-linux/host_bin/../libexec/gcc/aarch64-linux-gnu/6.3.0/lto-wrapper] ==> ignore
    arg [-plugin-opt=-fresolution=/tmp/cczeKn6O.res] ==> ignore
    arg [-plugin-opt=-pass-through=-lgcc_s] ==> ignore
    arg [-plugin-opt=-pass-through=-lgcc] ==> ignore
    arg [-plugin-opt=-pass-through=-lc] ==> ignore
    arg [-plugin-opt=-pass-through=-lgcc_s] ==> ignore
    arg [-plugin-opt=-pass-through=-lgcc] ==> ignore
    arg [--sysroot=/opt/hisi-linux/x86-arm/aarch64-himix100-linux/host_bin/../target] ==> ignore
    arg [--eh-frame-hdr] ==> ignore
    arg [-export-dynamic] ==> ignore
    arg [-dynamic-linker] ==> ignore
    arg [/lib/ld-linux-aarch64.so.1] ==> ignore
    arg [-X] ==> ignore
    arg [-EL] ==> ignore
    arg [-maarch64linux] ==> ignore
    arg [--fix-cortex-a53-835769] ==> ignore
    arg [--fix-cortex-a53-843419] ==> ignore
    arg [-o] ==> ignore
    arg [cmTC_924d1] ==> ignore
    arg [/opt/hisi-linux/x86-arm/aarch64-himix100-linux/host_bin/../target/usr/lib/crt1.o] ==> ignore
    arg [/opt/hisi-linux/x86-arm/aarch64-himix100-linux/host_bin/../target/usr/lib/crti.o] ==> ignore
    arg [/opt/hisi-linux/x86-arm/aarch64-himix100-linux/host_bin/../lib/gcc/aarch64-linux-gnu/6.3.0/crtbegin.o] ==> ignore
    arg [-L/opt/hisi-linux/x86-arm/aarch64-himix100-linux/host_bin/../lib/gcc/aarch64-linux-gnu/6.3.0] ==> dir [/opt/hisi-linux/x86-arm/aarch64-himix100-linux/host_bin/../lib/gcc/aarch64-linux-gnu/6.3.0]
    arg [-L/opt/hisi-linux/x86-arm/aarch64-himix100-linux/host_bin/../lib/gcc/aarch64-linux-gnu] ==> dir [/opt/hisi-linux/x86-arm/aarch64-himix100-linux/host_bin/../lib/gcc/aarch64-linux-gnu]
    arg [-L/opt/hisi-linux/x86-arm/aarch64-himix100-linux/host_bin/../lib/gcc] ==> dir [/opt/hisi-linux/x86-arm/aarch64-himix100-linux/host_bin/../lib/gcc]
    arg [-L/opt/hisi-linux/x86-arm/aarch64-himix100-linux/host_bin/../lib/gcc/aarch64-linux-gnu/6.3.0/../../../../aarch64-linux-gnu/lib/../lib64] ==> dir [/opt/hisi-linux/x86-arm/aarch64-himix100-linux/host_bin/../lib/gcc/aarch64-linux-gnu/6.3.0/../../../../aarch64-linux-gnu/lib/../lib64]
    arg [-L/opt/hisi-linux/x86-arm/aarch64-himix100-linux/host_bin/../lib/gcc/aarch64-linux-gnu/6.3.0/../../../../aarch64-linux-gnu/lib] ==> dir [/opt/hisi-linux/x86-arm/aarch64-himix100-linux/host_bin/../lib/gcc/aarch64-linux-gnu/6.3.0/../../../../aarch64-linux-gnu/lib]
    arg [-L/opt/hisi-linux/x86-arm/aarch64-himix100-linux/host_bin/../target/lib] ==> dir [/opt/hisi-linux/x86-arm/aarch64-himix100-linux/host_bin/../target/lib]
    arg [-L/opt/hisi-linux/x86-arm/aarch64-himix100-linux/host_bin/../target/usr/lib] ==> dir [/opt/hisi-linux/x86-arm/aarch64-himix100-linux/host_bin/../target/usr/lib]
    arg [CMakeFiles/cmTC_924d1.dir/CMakeCXXCompilerABI.cpp.o] ==> ignore
    arg [-lstdc++] ==> lib [stdc++]
    arg [-lm] ==> lib [m]
    arg [-lgcc_s] ==> lib [gcc_s]
    arg [-lgcc] ==> lib [gcc]
    arg [-lc] ==> lib [c]
    arg [-lgcc_s] ==> lib [gcc_s]
    arg [-lgcc] ==> lib [gcc]
    arg [/opt/hisi-linux/x86-arm/aarch64-himix100-linux/host_bin/../lib/gcc/aarch64-linux-gnu/6.3.0/crtend.o] ==> ignore
    arg [/opt/hisi-linux/x86-arm/aarch64-himix100-linux/host_bin/../target/usr/lib/crtn.o] ==> ignore
  remove lib [gcc_s]
  remove lib [gcc]
  remove lib [gcc_s]
  remove lib [gcc]
  collapse library dir [/opt/hisi-linux/x86-arm/aarch64-himix100-linux/host_bin/../lib/gcc/aarch64-linux-gnu/6.3.0] ==> [/opt/hisi-linux/x86-arm/aarch64-himix100-linux/lib/gcc/aarch64-linux-gnu/6.3.0]
  collapse library dir [/opt/hisi-linux/x86-arm/aarch64-himix100-linux/host_bin/../lib/gcc/aarch64-linux-gnu] ==> [/opt/hisi-linux/x86-arm/aarch64-himix100-linux/lib/gcc/aarch64-linux-gnu]
  collapse library dir [/opt/hisi-linux/x86-arm/aarch64-himix100-linux/host_bin/../lib/gcc] ==> [/opt/hisi-linux/x86-arm/aarch64-himix100-linux/lib/gcc]
  collapse library dir [/opt/hisi-linux/x86-arm/aarch64-himix100-linux/host_bin/../lib/gcc/aarch64-linux-gnu/6.3.0/../../../../aarch64-linux-gnu/lib/../lib64] ==> [/opt/hisi-linux/x86-arm/aarch64-himix100-linux/aarch64-linux-gnu/lib64]
  collapse library dir [/opt/hisi-linux/x86-arm/aarch64-himix100-linux/host_bin/../lib/gcc/aarch64-linux-gnu/6.3.0/../../../../aarch64-linux-gnu/lib] ==> [/opt/hisi-linux/x86-arm/aarch64-himix100-linux/aarch64-linux-gnu/lib]
  collapse library dir [/opt/hisi-linux/x86-arm/aarch64-himix100-linux/host_bin/../target/lib] ==> [/opt/hisi-linux/x86-arm/aarch64-himix100-linux/target/lib]
  collapse library dir [/opt/hisi-linux/x86-arm/aarch64-himix100-linux/host_bin/../target/usr/lib] ==> [/opt/hisi-linux/x86-arm/aarch64-himix100-linux/target/usr/lib]
  implicit libs: [stdc++;m;c]
  implicit dirs: [/opt/hisi-linux/x86-arm/aarch64-himix100-linux/lib/gcc/aarch64-linux-gnu/6.3.0;/opt/hisi-linux/x86-arm/aarch64-himix100-linux/lib/gcc/aarch64-linux-gnu;/opt/hisi-linux/x86-arm/aarch64-himix100-linux/lib/gcc;/opt/hisi-linux/x86-arm/aarch64-himix100-linux/aarch64-linux-gnu/lib64;/opt/hisi-linux/x86-arm/aarch64-himix100-linux/aarch64-linux-gnu/lib;/opt/hisi-linux/x86-arm/aarch64-himix100-linux/target/lib;/opt/hisi-linux/x86-arm/aarch64-himix100-linux/target/usr/lib]
  implicit fwks: []




Detecting CXX [-std=c++1z] compiler features compiled with the following output:
Change Dir: /home/server/hisi/hi3559a/P07/Hi3559AV100_SDK_V2.0.0.7/mpp/dk_app/ncnn/examples/dlib-19.15/dlib/build/CMakeFiles/CMakeTmp

Run Build Command:"/usr/bin/make" "cmTC_a051c/fast"
/usr/bin/make -f CMakeFiles/cmTC_a051c.dir/build.make CMakeFiles/cmTC_a051c.dir/build
make[1]: Entering directory '/home/server/hisi/hi3559a/P07/Hi3559AV100_SDK_V2.0.0.7/mpp/dk_app/ncnn/examples/dlib-19.15/dlib/build/CMakeFiles/CMakeTmp'
Building CXX object CMakeFiles/cmTC_a051c.dir/feature_tests.cxx.o
/opt/hisi-linux/x86-arm/aarch64-himix100-linux/bin/aarch64-himix100-linux-g++    -std=c++1z -o CMakeFiles/cmTC_a051c.dir/feature_tests.cxx.o -c /home/server/hisi/hi3559a/P07/Hi3559AV100_SDK_V2.0.0.7/mpp/dk_app/ncnn/examples/dlib-19.15/dlib/build/CMakeFiles/feature_tests.cxx
Linking CXX executable cmTC_a051c
/usr/local/bin/cmake -E cmake_link_script CMakeFiles/cmTC_a051c.dir/link.txt --verbose=1
/opt/hisi-linux/x86-arm/aarch64-himix100-linux/bin/aarch64-himix100-linux-g++       -rdynamic CMakeFiles/cmTC_a051c.dir/feature_tests.cxx.o  -o cmTC_a051c 
make[1]: Leaving directory '/home/server/hisi/hi3559a/P07/Hi3559AV100_SDK_V2.0.0.7/mpp/dk_app/ncnn/examples/dlib-19.15/dlib/build/CMakeFiles/CMakeTmp'


    Feature record: CXX_FEATURE:1cxx_aggregate_default_initializers
    Feature record: CXX_FEATURE:1cxx_alias_templates
    Feature record: CXX_FEATURE:1cxx_alignas
    Feature record: CXX_FEATURE:1cxx_alignof
    Feature record: CXX_FEATURE:1cxx_attributes
    Feature record: CXX_FEATURE:1cxx_attribute_deprecated
    Feature record: CXX_FEATURE:1cxx_auto_type
    Feature record: CXX_FEATURE:1cxx_binary_literals
    Feature record: CXX_FEATURE:1cxx_constexpr
    Feature record: CXX_FEATURE:1cxx_contextual_conversions
    Feature record: CXX_FEATURE:1cxx_decltype
    Feature record: CXX_FEATURE:1cxx_decltype_auto
    Feature record: CXX_FEATURE:1cxx_decltype_incomplete_return_types
    Feature record: CXX_FEATURE:1cxx_default_function_template_args
    Feature record: CXX_FEATURE:1cxx_defaulted_functions
    Feature record: CXX_FEATURE:1cxx_defaulted_move_initializers
    Feature record: CXX_FEATURE:1cxx_delegating_constructors
    Feature record: CXX_FEATURE:1cxx_deleted_functions
    Feature record: CXX_FEATURE:1cxx_digit_separators
    Feature record: CXX_FEATURE:1cxx_enum_forward_declarations
    Feature record: CXX_FEATURE:1cxx_explicit_conversions
    Feature record: CXX_FEATURE:1cxx_extended_friend_declarations
    Feature record: CXX_FEATURE:1cxx_extern_templates
    Feature record: CXX_FEATURE:1cxx_final
    Feature record: CXX_FEATURE:1cxx_func_identifier
    Feature record: CXX_FEATURE:1cxx_generalized_initializers
    Feature record: CXX_FEATURE:1cxx_generic_lambdas
    Feature record: CXX_FEATURE:1cxx_inheriting_constructors
    Feature record: CXX_FEATURE:1cxx_inline_namespaces
    Feature record: CXX_FEATURE:1cxx_lambdas
    Feature record: CXX_FEATURE:1cxx_lambda_init_captures
    Feature record: CXX_FEATURE:1cxx_local_type_template_args
    Feature record: CXX_FEATURE:1cxx_long_long_type
    Feature record: CXX_FEATURE:1cxx_noexcept
    Feature record: CXX_FEATURE:1cxx_nonstatic_member_init
    Feature record: CXX_FEATURE:1cxx_nullptr
    Feature record: CXX_FEATURE:1cxx_override
    Feature record: CXX_FEATURE:1cxx_range_for
    Feature record: CXX_FEATURE:1cxx_raw_string_literals
    Feature record: CXX_FEATURE:1cxx_reference_qualified_functions
    Feature record: CXX_FEATURE:1cxx_relaxed_constexpr
    Feature record: CXX_FEATURE:1cxx_return_type_deduction
    Feature record: CXX_FEATURE:1cxx_right_angle_brackets
    Feature record: CXX_FEATURE:1cxx_rvalue_references
    Feature record: CXX_FEATURE:1cxx_sizeof_member
    Feature record: CXX_FEATURE:1cxx_static_assert
    Feature record: CXX_FEATURE:1cxx_strong_enums
    Feature record: CXX_FEATURE:1cxx_template_template_parameters
    Feature record: CXX_FEATURE:1cxx_thread_local
    Feature record: CXX_FEATURE:1cxx_trailing_return_types
    Feature record: CXX_FEATURE:1cxx_unicode_literals
    Feature record: CXX_FEATURE:1cxx_uniform_initialization
    Feature record: CXX_FEATURE:1cxx_unrestricted_unions
    Feature record: CXX_FEATURE:1cxx_user_literals
    Feature record: CXX_FEATURE:1cxx_variable_templates
    Feature record: CXX_FEATURE:1cxx_variadic_macros
    Feature record: CXX_FEATURE:1cxx_variadic_templates


Detecting CXX [-std=c++14] compiler features compiled with the following output:
Change Dir: /home/server/hisi/hi3559a/P07/Hi3559AV100_SDK_V2.0.0.7/mpp/dk_app/ncnn/examples/dlib-19.15/dlib/build/CMakeFiles/CMakeTmp

Run Build Command:"/usr/bin/make" "cmTC_91e61/fast"
/usr/bin/make -f CMakeFiles/cmTC_91e61.dir/build.make CMakeFiles/cmTC_91e61.dir/build
make[1]: Entering directory '/home/server/hisi/hi3559a/P07/Hi3559AV100_SDK_V2.0.0.7/mpp/dk_app/ncnn/examples/dlib-19.15/dlib/build/CMakeFiles/CMakeTmp'
Building CXX object CMakeFiles/cmTC_91e61.dir/feature_tests.cxx.o
/opt/hisi-linux/x86-arm/aarch64-himix100-linux/bin/aarch64-himix100-linux-g++    -std=c++14 -o CMakeFiles/cmTC_91e61.dir/feature_tests.cxx.o -c /home/server/hisi/hi3559a/P07/Hi3559AV100_SDK_V2.0.0.7/mpp/dk_app/ncnn/examples/dlib-19.15/dlib/build/CMakeFiles/feature_tests.cxx
Linking CXX executable cmTC_91e61
/usr/local/bin/cmake -E cmake_link_script CMakeFiles/cmTC_91e61.dir/link.txt --verbose=1
/opt/hisi-linux/x86-arm/aarch64-himix100-linux/bin/aarch64-himix100-linux-g++       -rdynamic CMakeFiles/cmTC_91e61.dir/feature_tests.cxx.o  -o cmTC_91e61 
make[1]: Leaving directory '/home/server/hisi/hi3559a/P07/Hi3559AV100_SDK_V2.0.0.7/mpp/dk_app/ncnn/examples/dlib-19.15/dlib/build/CMakeFiles/CMakeTmp'


    Feature record: CXX_FEATURE:1cxx_aggregate_default_initializers
    Feature record: CXX_FEATURE:1cxx_alias_templates
    Feature record: CXX_FEATURE:1cxx_alignas
    Feature record: CXX_FEATURE:1cxx_alignof
    Feature record: CXX_FEATURE:1cxx_attributes
    Feature record: CXX_FEATURE:1cxx_attribute_deprecated
    Feature record: CXX_FEATURE:1cxx_auto_type
    Feature record: CXX_FEATURE:1cxx_binary_literals
    Feature record: CXX_FEATURE:1cxx_constexpr
    Feature record: CXX_FEATURE:1cxx_contextual_conversions
    Feature record: CXX_FEATURE:1cxx_decltype
    Feature record: CXX_FEATURE:1cxx_decltype_auto
    Feature record: CXX_FEATURE:1cxx_decltype_incomplete_return_types
    Feature record: CXX_FEATURE:1cxx_default_function_template_args
    Feature record: CXX_FEATURE:1cxx_defaulted_functions
    Feature record: CXX_FEATURE:1cxx_defaulted_move_initializers
    Feature record: CXX_FEATURE:1cxx_delegating_constructors
    Feature record: CXX_FEATURE:1cxx_deleted_functions
    Feature record: CXX_FEATURE:1cxx_digit_separators
    Feature record: CXX_FEATURE:1cxx_enum_forward_declarations
    Feature record: CXX_FEATURE:1cxx_explicit_conversions
    Feature record: CXX_FEATURE:1cxx_extended_friend_declarations
    Feature record: CXX_FEATURE:1cxx_extern_templates
    Feature record: CXX_FEATURE:1cxx_final
    Feature record: CXX_FEATURE:1cxx_func_identifier
    Feature record: CXX_FEATURE:1cxx_generalized_initializers
    Feature record: CXX_FEATURE:1cxx_generic_lambdas
    Feature record: CXX_FEATURE:1cxx_inheriting_constructors
    Feature record: CXX_FEATURE:1cxx_inline_namespaces
    Feature record: CXX_FEATURE:1cxx_lambdas
    Feature record: CXX_FEATURE:1cxx_lambda_init_captures
    Feature record: CXX_FEATURE:1cxx_local_type_template_args
    Feature record: CXX_FEATURE:1cxx_long_long_type
    Feature record: CXX_FEATURE:1cxx_noexcept
    Feature record: CXX_FEATURE:1cxx_nonstatic_member_init
    Feature record: CXX_FEATURE:1cxx_nullptr
    Feature record: CXX_FEATURE:1cxx_override
    Feature record: CXX_FEATURE:1cxx_range_for
    Feature record: CXX_FEATURE:1cxx_raw_string_literals
    Feature record: CXX_FEATURE:1cxx_reference_qualified_functions
    Feature record: CXX_FEATURE:1cxx_relaxed_constexpr
    Feature record: CXX_FEATURE:1cxx_return_type_deduction
    Feature record: CXX_FEATURE:1cxx_right_angle_brackets
    Feature record: CXX_FEATURE:1cxx_rvalue_references
    Feature record: CXX_FEATURE:1cxx_sizeof_member
    Feature record: CXX_FEATURE:1cxx_static_assert
    Feature record: CXX_FEATURE:1cxx_strong_enums
    Feature record: CXX_FEATURE:1cxx_template_template_parameters
    Feature record: CXX_FEATURE:1cxx_thread_local
    Feature record: CXX_FEATURE:1cxx_trailing_return_types
    Feature record: CXX_FEATURE:1cxx_unicode_literals
    Feature record: CXX_FEATURE:1cxx_uniform_initialization
    Feature record: CXX_FEATURE:1cxx_unrestricted_unions
    Feature record: CXX_FEATURE:1cxx_user_literals
    Feature record: CXX_FEATURE:1cxx_variable_templates
    Feature record: CXX_FEATURE:1cxx_variadic_macros
    Feature record: CXX_FEATURE:1cxx_variadic_templates


Detecting CXX [-std=c++11] compiler features compiled with the following output:
Change Dir: /home/server/hisi/hi3559a/P07/Hi3559AV100_SDK_V2.0.0.7/mpp/dk_app/ncnn/examples/dlib-19.15/dlib/build/CMakeFiles/CMakeTmp

Run Build Command:"/usr/bin/make" "cmTC_f2230/fast"
/usr/bin/make -f CMakeFiles/cmTC_f2230.dir/build.make CMakeFiles/cmTC_f2230.dir/build
make[1]: Entering directory '/home/server/hisi/hi3559a/P07/Hi3559AV100_SDK_V2.0.0.7/mpp/dk_app/ncnn/examples/dlib-19.15/dlib/build/CMakeFiles/CMakeTmp'
Building CXX object CMakeFiles/cmTC_f2230.dir/feature_tests.cxx.o
/opt/hisi-linux/x86-arm/aarch64-himix100-linux/bin/aarch64-himix100-linux-g++    -std=c++11 -o CMakeFiles/cmTC_f2230.dir/feature_tests.cxx.o -c /home/server/hisi/hi3559a/P07/Hi3559AV100_SDK_V2.0.0.7/mpp/dk_app/ncnn/examples/dlib-19.15/dlib/build/CMakeFiles/feature_tests.cxx
Linking CXX executable cmTC_f2230
/usr/local/bin/cmake -E cmake_link_script CMakeFiles/cmTC_f2230.dir/link.txt --verbose=1
/opt/hisi-linux/x86-arm/aarch64-himix100-linux/bin/aarch64-himix100-linux-g++       -rdynamic CMakeFiles/cmTC_f2230.dir/feature_tests.cxx.o  -o cmTC_f2230 
make[1]: Leaving directory '/home/server/hisi/hi3559a/P07/Hi3559AV100_SDK_V2.0.0.7/mpp/dk_app/ncnn/examples/dlib-19.15/dlib/build/CMakeFiles/CMakeTmp'


    Feature record: CXX_FEATURE:0cxx_aggregate_default_initializers
    Feature record: CXX_FEATURE:1cxx_alias_templates
    Feature record: CXX_FEATURE:1cxx_alignas
    Feature record: CXX_FEATURE:1cxx_alignof
    Feature record: CXX_FEATURE:1cxx_attributes
    Feature record: CXX_FEATURE:0cxx_attribute_deprecated
    Feature record: CXX_FEATURE:1cxx_auto_type
    Feature record: CXX_FEATURE:0cxx_binary_literals
    Feature record: CXX_FEATURE:1cxx_constexpr
    Feature record: CXX_FEATURE:0cxx_contextual_conversions
    Feature record: CXX_FEATURE:1cxx_decltype
    Feature record: CXX_FEATURE:0cxx_decltype_auto
    Feature record: CXX_FEATURE:1cxx_decltype_incomplete_return_types
    Feature record: CXX_FEATURE:1cxx_default_function_template_args
    Feature record: CXX_FEATURE:1cxx_defaulted_functions
    Feature record: CXX_FEATURE:1cxx_defaulted_move_initializers
    Feature record: CXX_FEATURE:1cxx_delegating_constructors
    Feature record: CXX_FEATURE:1cxx_deleted_functions
    Feature record: CXX_FEATURE:0cxx_digit_separators
    Feature record: CXX_FEATURE:1cxx_enum_forward_declarations
    Feature record: CXX_FEATURE:1cxx_explicit_conversions
    Feature record: CXX_FEATURE:1cxx_extended_friend_declarations
    Feature record: CXX_FEATURE:1cxx_extern_templates
    Feature record: CXX_FEATURE:1cxx_final
    Feature record: CXX_FEATURE:1cxx_func_identifier
    Feature record: CXX_FEATURE:1cxx_generalized_initializers
    Feature record: CXX_FEATURE:0cxx_generic_lambdas
    Feature record: CXX_FEATURE:1cxx_inheriting_constructors
    Feature record: CXX_FEATURE:1cxx_inline_namespaces
    Feature record: CXX_FEATURE:1cxx_lambdas
    Feature record: CXX_FEATURE:0cxx_lambda_init_captures
    Feature record: CXX_FEATURE:1cxx_local_type_template_args
    Feature record: CXX_FEATURE:1cxx_long_long_type
    Feature record: CXX_FEATURE:1cxx_noexcept
    Feature record: CXX_FEATURE:1cxx_nonstatic_member_init
    Feature record: CXX_FEATURE:1cxx_nullptr
    Feature record: CXX_FEATURE:1cxx_override
    Feature record: CXX_FEATURE:1cxx_range_for
    Feature record: CXX_FEATURE:1cxx_raw_string_literals
    Feature record: CXX_FEATURE:1cxx_reference_qualified_functions
    Feature record: CXX_FEATURE:0cxx_relaxed_constexpr
    Feature record: CXX_FEATURE:0cxx_return_type_deduction
    Feature record: CXX_FEATURE:1cxx_right_angle_brackets
    Feature record: CXX_FEATURE:1cxx_rvalue_references
    Feature record: CXX_FEATURE:1cxx_sizeof_member
    Feature record: CXX_FEATURE:1cxx_static_assert
    Feature record: CXX_FEATURE:1cxx_strong_enums
    Feature record: CXX_FEATURE:1cxx_template_template_parameters
    Feature record: CXX_FEATURE:1cxx_thread_local
    Feature record: CXX_FEATURE:1cxx_trailing_return_types
    Feature record: CXX_FEATURE:1cxx_unicode_literals
    Feature record: CXX_FEATURE:1cxx_uniform_initialization
    Feature record: CXX_FEATURE:1cxx_unrestricted_unions
    Feature record: CXX_FEATURE:1cxx_user_literals
    Feature record: CXX_FEATURE:0cxx_variable_templates
    Feature record: CXX_FEATURE:1cxx_variadic_macros
    Feature record: CXX_FEATURE:1cxx_variadic_templates


Detecting CXX [-std=c++98] compiler features compiled with the following output:
Change Dir: /home/server/hisi/hi3559a/P07/Hi3559AV100_SDK_V2.0.0.7/mpp/dk_app/ncnn/examples/dlib-19.15/dlib/build/CMakeFiles/CMakeTmp

Run Build Command:"/usr/bin/make" "cmTC_36e74/fast"
/usr/bin/make -f CMakeFiles/cmTC_36e74.dir/build.make CMakeFiles/cmTC_36e74.dir/build
make[1]: Entering directory '/home/server/hisi/hi3559a/P07/Hi3559AV100_SDK_V2.0.0.7/mpp/dk_app/ncnn/examples/dlib-19.15/dlib/build/CMakeFiles/CMakeTmp'
Building CXX object CMakeFiles/cmTC_36e74.dir/feature_tests.cxx.o
/opt/hisi-linux/x86-arm/aarch64-himix100-linux/bin/aarch64-himix100-linux-g++    -std=c++98 -o CMakeFiles/cmTC_36e74.dir/feature_tests.cxx.o -c /home/server/hisi/hi3559a/P07/Hi3559AV100_SDK_V2.0.0.7/mpp/dk_app/ncnn/examples/dlib-19.15/dlib/build/CMakeFiles/feature_tests.cxx
Linking CXX executable cmTC_36e74
/usr/local/bin/cmake -E cmake_link_script CMakeFiles/cmTC_36e74.dir/link.txt --verbose=1
/opt/hisi-linux/x86-arm/aarch64-himix100-linux/bin/aarch64-himix100-linux-g++       -rdynamic CMakeFiles/cmTC_36e74.dir/feature_tests.cxx.o  -o cmTC_36e74 
make[1]: Leaving directory '/home/server/hisi/hi3559a/P07/Hi3559AV100_SDK_V2.0.0.7/mpp/dk_app/ncnn/examples/dlib-19.15/dlib/build/CMakeFiles/CMakeTmp'


    Feature record: CXX_FEATURE:0cxx_aggregate_default_initializers
    Feature record: CXX_FEATURE:0cxx_alias_templates
    Feature record: CXX_FEATURE:0cxx_alignas
    Feature record: CXX_FEATURE:0cxx_alignof
    Feature record: CXX_FEATURE:0cxx_attributes
    Feature record: CXX_FEATURE:0cxx_attribute_deprecated
    Feature record: CXX_FEATURE:0cxx_auto_type
    Feature record: CXX_FEATURE:0cxx_binary_literals
    Feature record: CXX_FEATURE:0cxx_constexpr
    Feature record: CXX_FEATURE:0cxx_contextual_conversions
    Feature record: CXX_FEATURE:0cxx_decltype
    Feature record: CXX_FEATURE:0cxx_decltype_auto
    Feature record: CXX_FEATURE:0cxx_decltype_incomplete_return_types
    Feature record: CXX_FEATURE:0cxx_default_function_template_args
    Feature record: CXX_FEATURE:0cxx_defaulted_functions
    Feature record: CXX_FEATURE:0cxx_defaulted_move_initializers
    Feature record: CXX_FEATURE:0cxx_delegating_constructors
    Feature record: CXX_FEATURE:0cxx_deleted_functions
    Feature record: CXX_FEATURE:0cxx_digit_separators
    Feature record: CXX_FEATURE:0cxx_enum_forward_declarations
    Feature record: CXX_FEATURE:0cxx_explicit_conversions
    Feature record: CXX_FEATURE:0cxx_extended_friend_declarations
    Feature record: CXX_FEATURE:0cxx_extern_templates
    Feature record: CXX_FEATURE:0cxx_final
    Feature record: CXX_FEATURE:0cxx_func_identifier
    Feature record: CXX_FEATURE:0cxx_generalized_initializers
    Feature record: CXX_FEATURE:0cxx_generic_lambdas
    Feature record: CXX_FEATURE:0cxx_inheriting_constructors
    Feature record: CXX_FEATURE:0cxx_inline_namespaces
    Feature record: CXX_FEATURE:0cxx_lambdas
    Feature record: CXX_FEATURE:0cxx_lambda_init_captures
    Feature record: CXX_FEATURE:0cxx_local_type_template_args
    Feature record: CXX_FEATURE:0cxx_long_long_type
    Feature record: CXX_FEATURE:0cxx_noexcept
    Feature record: CXX_FEATURE:0cxx_nonstatic_member_init
    Feature record: CXX_FEATURE:0cxx_nullptr
    Feature record: CXX_FEATURE:0cxx_override
    Feature record: CXX_FEATURE:0cxx_range_for
    Feature record: CXX_FEATURE:0cxx_raw_string_literals
    Feature record: CXX_FEATURE:0cxx_reference_qualified_functions
    Feature record: CXX_FEATURE:0cxx_relaxed_constexpr
    Feature record: CXX_FEATURE:0cxx_return_type_deduction
    Feature record: CXX_FEATURE:0cxx_right_angle_brackets
    Feature record: CXX_FEATURE:0cxx_rvalue_references
    Feature record: CXX_FEATURE:0cxx_sizeof_member
    Feature record: CXX_FEATURE:0cxx_static_assert
    Feature record: CXX_FEATURE:0cxx_strong_enums
    Feature record: CXX_FEATURE:1cxx_template_template_parameters
    Feature record: CXX_FEATURE:0cxx_thread_local
    Feature record: CXX_FEATURE:0cxx_trailing_return_types
    Feature record: CXX_FEATURE:0cxx_unicode_literals
    Feature record: CXX_FEATURE:0cxx_uniform_initialization
    Feature record: CXX_FEATURE:0cxx_unrestricted_unions
    Feature record: CXX_FEATURE:0cxx_user_literals
    Feature record: CXX_FEATURE:0cxx_variable_templates
    Feature record: CXX_FEATURE:0cxx_variadic_macros
    Feature record: CXX_FEATURE:0cxx_variadic_templates
Determining if the include file pthread.h exists passed with the following output:
Change Dir: /home/server/hisi/hi3559a/P07/Hi3559AV100_SDK_V2.0.0.7/mpp/dk_app/ncnn/examples/dlib-19.15/dlib/build/CMakeFiles/CMakeTmp

Run Build Command:"/usr/bin/make" "cmTC_f3764/fast"
/usr/bin/make -f CMakeFiles/cmTC_f3764.dir/build.make CMakeFiles/cmTC_f3764.dir/build
make[1]: Entering directory '/home/server/hisi/hi3559a/P07/Hi3559AV100_SDK_V2.0.0.7/mpp/dk_app/ncnn/examples/dlib-19.15/dlib/build/CMakeFiles/CMakeTmp'
Building C object CMakeFiles/cmTC_f3764.dir/CheckIncludeFile.c.o
/opt/hisi-linux/x86-arm/aarch64-himix100-linux/bin/aarch64-himix100-linux-gcc    -o CMakeFiles/cmTC_f3764.dir/CheckIncludeFile.c.o   -c /home/server/hisi/hi3559a/P07/Hi3559AV100_SDK_V2.0.0.7/mpp/dk_app/ncnn/examples/dlib-19.15/dlib/build/CMakeFiles/CMakeTmp/CheckIncludeFile.c
Linking C executable cmTC_f3764
/usr/local/bin/cmake -E cmake_link_script CMakeFiles/cmTC_f3764.dir/link.txt --verbose=1
/opt/hisi-linux/x86-arm/aarch64-himix100-linux/bin/aarch64-himix100-linux-gcc      -rdynamic CMakeFiles/cmTC_f3764.dir/CheckIncludeFile.c.o  -o cmTC_f3764 
make[1]: Leaving directory '/home/server/hisi/hi3559a/P07/Hi3559AV100_SDK_V2.0.0.7/mpp/dk_app/ncnn/examples/dlib-19.15/dlib/build/CMakeFiles/CMakeTmp'


Determining if the function pthread_create exists in the pthread passed with the following output:
Change Dir: /home/server/hisi/hi3559a/P07/Hi3559AV100_SDK_V2.0.0.7/mpp/dk_app/ncnn/examples/dlib-19.15/dlib/build/CMakeFiles/CMakeTmp

Run Build Command:"/usr/bin/make" "cmTC_0ef4b/fast"
/usr/bin/make -f CMakeFiles/cmTC_0ef4b.dir/build.make CMakeFiles/cmTC_0ef4b.dir/build
make[1]: Entering directory '/home/server/hisi/hi3559a/P07/Hi3559AV100_SDK_V2.0.0.7/mpp/dk_app/ncnn/examples/dlib-19.15/dlib/build/CMakeFiles/CMakeTmp'
Building C object CMakeFiles/cmTC_0ef4b.dir/CheckFunctionExists.c.o
/opt/hisi-linux/x86-arm/aarch64-himix100-linux/bin/aarch64-himix100-linux-gcc   -DCHECK_FUNCTION_EXISTS=pthread_create   -o CMakeFiles/cmTC_0ef4b.dir/CheckFunctionExists.c.o   -c /usr/local/share/cmake-3.8/Modules/CheckFunctionExists.c
Linking C executable cmTC_0ef4b
/usr/local/bin/cmake -E cmake_link_script CMakeFiles/cmTC_0ef4b.dir/link.txt --verbose=1
/opt/hisi-linux/x86-arm/aarch64-himix100-linux/bin/aarch64-himix100-linux-gcc  -DCHECK_FUNCTION_EXISTS=pthread_create    -rdynamic CMakeFiles/cmTC_0ef4b.dir/CheckFunctionExists.c.o  -o cmTC_0ef4b -lpthread 
make[1]: Leaving directory '/home/server/hisi/hi3559a/P07/Hi3559AV100_SDK_V2.0.0.7/mpp/dk_app/ncnn/examples/dlib-19.15/dlib/build/CMakeFiles/CMakeTmp'


Determining if the include file sys/types.h exists passed with the following output:
Change Dir: /home/server/hisi/hi3559a/P07/Hi3559AV100_SDK_V2.0.0.7/mpp/dk_app/ncnn/examples/dlib-19.15/dlib/build/CMakeFiles/CMakeTmp

Run Build Command:"/usr/bin/make" "cmTC_c7d4f/fast"
/usr/bin/make -f CMakeFiles/cmTC_c7d4f.dir/build.make CMakeFiles/cmTC_c7d4f.dir/build
make[1]: Entering directory '/home/server/hisi/hi3559a/P07/Hi3559AV100_SDK_V2.0.0.7/mpp/dk_app/ncnn/examples/dlib-19.15/dlib/build/CMakeFiles/CMakeTmp'
Building C object CMakeFiles/cmTC_c7d4f.dir/CheckIncludeFile.c.o
/opt/hisi-linux/x86-arm/aarch64-himix100-linux/bin/aarch64-himix100-linux-gcc    -o CMakeFiles/cmTC_c7d4f.dir/CheckIncludeFile.c.o   -c /home/server/hisi/hi3559a/P07/Hi3559AV100_SDK_V2.0.0.7/mpp/dk_app/ncnn/examples/dlib-19.15/dlib/build/CMakeFiles/CMakeTmp/CheckIncludeFile.c
Linking C executable cmTC_c7d4f
/usr/local/bin/cmake -E cmake_link_script CMakeFiles/cmTC_c7d4f.dir/link.txt --verbose=1
/opt/hisi-linux/x86-arm/aarch64-himix100-linux/bin/aarch64-himix100-linux-gcc      -rdynamic CMakeFiles/cmTC_c7d4f.dir/CheckIncludeFile.c.o  -o cmTC_c7d4f 
make[1]: Leaving directory '/home/server/hisi/hi3559a/P07/Hi3559AV100_SDK_V2.0.0.7/mpp/dk_app/ncnn/examples/dlib-19.15/dlib/build/CMakeFiles/CMakeTmp'


Determining if the include file stdint.h exists passed with the following output:
Change Dir: /home/server/hisi/hi3559a/P07/Hi3559AV100_SDK_V2.0.0.7/mpp/dk_app/ncnn/examples/dlib-19.15/dlib/build/CMakeFiles/CMakeTmp

Run Build Command:"/usr/bin/make" "cmTC_f017d/fast"
/usr/bin/make -f CMakeFiles/cmTC_f017d.dir/build.make CMakeFiles/cmTC_f017d.dir/build
make[1]: Entering directory '/home/server/hisi/hi3559a/P07/Hi3559AV100_SDK_V2.0.0.7/mpp/dk_app/ncnn/examples/dlib-19.15/dlib/build/CMakeFiles/CMakeTmp'
Building C object CMakeFiles/cmTC_f017d.dir/CheckIncludeFile.c.o
/opt/hisi-linux/x86-arm/aarch64-himix100-linux/bin/aarch64-himix100-linux-gcc    -o CMakeFiles/cmTC_f017d.dir/CheckIncludeFile.c.o   -c /home/server/hisi/hi3559a/P07/Hi3559AV100_SDK_V2.0.0.7/mpp/dk_app/ncnn/examples/dlib-19.15/dlib/build/CMakeFiles/CMakeTmp/CheckIncludeFile.c
Linking C executable cmTC_f017d
/usr/local/bin/cmake -E cmake_link_script CMakeFiles/cmTC_f017d.dir/link.txt --verbose=1
/opt/hisi-linux/x86-arm/aarch64-himix100-linux/bin/aarch64-himix100-linux-gcc      -rdynamic CMakeFiles/cmTC_f017d.dir/CheckIncludeFile.c.o  -o cmTC_f017d 
make[1]: Leaving directory '/home/server/hisi/hi3559a/P07/Hi3559AV100_SDK_V2.0.0.7/mpp/dk_app/ncnn/examples/dlib-19.15/dlib/build/CMakeFiles/CMakeTmp'


Determining if the include file stddef.h exists passed with the following output:
Change Dir: /home/server/hisi/hi3559a/P07/Hi3559AV100_SDK_V2.0.0.7/mpp/dk_app/ncnn/examples/dlib-19.15/dlib/build/CMakeFiles/CMakeTmp

Run Build Command:"/usr/bin/make" "cmTC_0a26e/fast"
/usr/bin/make -f CMakeFiles/cmTC_0a26e.dir/build.make CMakeFiles/cmTC_0a26e.dir/build
make[1]: Entering directory '/home/server/hisi/hi3559a/P07/Hi3559AV100_SDK_V2.0.0.7/mpp/dk_app/ncnn/examples/dlib-19.15/dlib/build/CMakeFiles/CMakeTmp'
Building C object CMakeFiles/cmTC_0a26e.dir/CheckIncludeFile.c.o
/opt/hisi-linux/x86-arm/aarch64-himix100-linux/bin/aarch64-himix100-linux-gcc    -o CMakeFiles/cmTC_0a26e.dir/CheckIncludeFile.c.o   -c /home/server/hisi/hi3559a/P07/Hi3559AV100_SDK_V2.0.0.7/mpp/dk_app/ncnn/examples/dlib-19.15/dlib/build/CMakeFiles/CMakeTmp/CheckIncludeFile.c
Linking C executable cmTC_0a26e
/usr/local/bin/cmake -E cmake_link_script CMakeFiles/cmTC_0a26e.dir/link.txt --verbose=1
/opt/hisi-linux/x86-arm/aarch64-himix100-linux/bin/aarch64-himix100-linux-gcc      -rdynamic CMakeFiles/cmTC_0a26e.dir/CheckIncludeFile.c.o  -o cmTC_0a26e 
make[1]: Leaving directory '/home/server/hisi/hi3559a/P07/Hi3559AV100_SDK_V2.0.0.7/mpp/dk_app/ncnn/examples/dlib-19.15/dlib/build/CMakeFiles/CMakeTmp'


Determining size of void* passed with the following output:
Change Dir: /home/server/hisi/hi3559a/P07/Hi3559AV100_SDK_V2.0.0.7/mpp/dk_app/ncnn/examples/dlib-19.15/dlib/build/CMakeFiles/CMakeTmp

Run Build Command:"/usr/bin/make" "cmTC_c94aa/fast"
/usr/bin/make -f CMakeFiles/cmTC_c94aa.dir/build.make CMakeFiles/cmTC_c94aa.dir/build
make[1]: Entering directory '/home/server/hisi/hi3559a/P07/Hi3559AV100_SDK_V2.0.0.7/mpp/dk_app/ncnn/examples/dlib-19.15/dlib/build/CMakeFiles/CMakeTmp'
Building C object CMakeFiles/cmTC_c94aa.dir/SIZE_OF_VOID_PTR.c.o
/opt/hisi-linux/x86-arm/aarch64-himix100-linux/bin/aarch64-himix100-linux-gcc    -o CMakeFiles/cmTC_c94aa.dir/SIZE_OF_VOID_PTR.c.o   -c /home/server/hisi/hi3559a/P07/Hi3559AV100_SDK_V2.0.0.7/mpp/dk_app/ncnn/examples/dlib-19.15/dlib/build/CMakeFiles/CheckTypeSize/SIZE_OF_VOID_PTR.c
Linking C executable cmTC_c94aa
/usr/local/bin/cmake -E cmake_link_script CMakeFiles/cmTC_c94aa.dir/link.txt --verbose=1
/opt/hisi-linux/x86-arm/aarch64-himix100-linux/bin/aarch64-himix100-linux-gcc      -rdynamic CMakeFiles/cmTC_c94aa.dir/SIZE_OF_VOID_PTR.c.o  -o cmTC_c94aa 
make[1]: Leaving directory '/home/server/hisi/hi3559a/P07/Hi3559AV100_SDK_V2.0.0.7/mpp/dk_app/ncnn/examples/dlib-19.15/dlib/build/CMakeFiles/CMakeTmp'


